    Finished `release` profile [optimized + debuginfo] target(s) in 0.03s
     Running `target/release/mtg tourney --seconds 10 decks/monored.dck decks/old_school/01_rogue_rogerbrand.dck decks/old_school/02_thedeck_peterschnidrig.dck decks/old_school/03_robots_jesseisbak.dck decks/old_school/05_mono_black_rogerbrand.dck decks/old_school/06_jeskai_aggro_joseantonioprieto.dck decks/old_school/06_troll_disk_daniellebrunazzo.dck`
=== MTG Forge Rust - Tournament Mode ===

Loading decks...
  decks/monored.dck: 60 cards
  decks/old_school/01_rogue_rogerbrand.dck: 60 cards
  decks/old_school/02_thedeck_peterschnidrig.dck: 60 cards
  decks/old_school/03_robots_jesseisbak.dck: 62 cards
  decks/old_school/05_mono_black_rogerbrand.dck: 60 cards
  decks/old_school/06_jeskai_aggro_joseantonioprieto.dck: 60 cards
  decks/old_school/06_troll_disk_daniellebrunazzo.dck: 60 cards

Loading card database...
  Loaded 111 cards in 13.23ms

Running for 10 seconds with 7 decks
Controllers: P1=Heuristic, P2=Heuristic

Warning: Game 625000 failed: Invalid game action: Priority round exceeded max actions (1000), possible infinite loop
Warning: Game 250003 failed: Invalid game action: Priority round exceeded max actions (1000), possible infinite loop
Warning: Game 7818 failed: Invalid game action: Priority round exceeded max actions (1000), possible infinite loop
Warning: Game 500007 failed: Invalid game action: Priority round exceeded max actions (1000), possible infinite loop
Completed 100 games
Warning: Game 7819 failed: Invalid game action: Priority round exceeded max actions (1000), possible infinite loop
Warning: Game 31255 failed: Invalid game action: Priority round exceeded max actions (1000), possible infinite loop
Warning: Game 500009 failed: Invalid game action: Priority round exceeded max actions (1000), possible infinite loop
Warning: Game 625010 failed: Invalid game action: Priority round exceeded max actions (1000), possible infinite loop
Warning: Game 125011 failed: Invalid game action: Priority round exceeded max actions (1000), possible infinite loop
Warning: Game 125012 failed: Invalid game action: Priority round exceeded max actions (1000), possible infinite loop
Completed 200 games
Warning: Game 23451 failed: Invalid game action: Priority round exceeded max actions (1000), possible infinite loop
Warning: Game 13 failed: Invalid game action: Priority round exceeded max actions (1000), possible infinite loop
Warning: Game 15642 failed: Invalid game action: Priority round exceeded max actions (1000), possible infinite loop
Completed 300 games
Warning: Game 156266 failed: Invalid game action: Priority round exceeded max actions (1000), possible infinite loop
Warning: Game 625018 failed: Invalid game action: Priority round exceeded max actions (1000), possible infinite loop
Warning: Game 500019 failed: Invalid game action: Priority round exceeded max actions (1000), possible infinite loop
Warning: Game 750019 failed: Invalid game action: Priority round exceeded max actions (1000), possible infinite loop
Warning: Game 78148 failed: Invalid game action: Priority round exceeded max actions (1000), possible infinite loop
Warning: Game 62527 failed: Invalid game action: Priority round exceeded max actions (1000), possible infinite loop
Completed 400 games
Warning: Game 500025 failed: Invalid game action: Priority round exceeded max actions (1000), possible infinite loop
Warning: Game 625027 failed: Invalid game action: Priority round exceeded max actions (1000), possible infinite loop
Warning: Game 625028 failed: Invalid game action: Priority round exceeded max actions (1000), possible infinite loop
Warning: Game 29 failed: Invalid game action: Priority round exceeded max actions (1000), possible infinite loop
Warning: Game 23469 failed: Invalid game action: Priority round exceeded max actions (1000), possible infinite loop
Warning: Game 93783 failed: Invalid game action: Priority round exceeded max actions (1000), possible infinite loop
Completed 500 games
Warning: Game 78155 failed: Invalid game action: Priority round exceeded max actions (1000), possible infinite loop
Warning: Game 31 failed: Invalid game action: Priority round exceeded max actions (1000), possible infinite loop
Warning: Game 78156 failed: Invalid game action: Priority round exceeded max actions (1000), possible infinite loop
Warning: Game 23472 failed: Invalid game action: Priority round exceeded max actions (1000), possible infinite loop
Warning: Game 7845 failed: Invalid game action: Priority round exceeded max actions (1000), possible infinite loop
Warning: Game 125038 failed: Invalid game action: Priority round exceeded max actions (1000), possible infinite loop
Completed 600 games
Warning: Game 78164 failed: Invalid game action: Priority round exceeded max actions (1000), possible infinite loop
Warning: Game 93791 failed: Invalid game action: Priority round exceeded max actions (1000), possible infinite loop
Warning: Game 31287 failed: Invalid game action: Priority round exceeded max actions (1000), possible infinite loop
Warning: Game 750038 failed: Invalid game action: Priority round exceeded max actions (1000), possible infinite loop
Warning: Game 31288 failed: Invalid game action: Priority round exceeded max actions (1000), possible infinite loop
Warning: Game 78166 failed: Invalid game action: Priority round exceeded max actions (1000), possible infinite loop
Warning: Game 156288 failed: Invalid game action: Priority round exceeded max actions (1000), possible infinite loop
Warning: Game 625041 failed: Invalid game action: Priority round exceeded max actions (1000), possible infinite loop
Warning: Game 7851 failed: Invalid game action: Priority round exceeded max actions (1000), possible infinite loop
Warning: Game 15670 failed: Invalid game action: Priority round exceeded max actions (1000), possible infinite loop
Completed 700 games
Warning: Game 500043 failed: Invalid game action: Priority round exceeded max actions (1000), possible infinite loop
Warning: Game 7853 failed: Invalid game action: Priority round exceeded max actions (1000), possible infinite loop
Warning: Game 31293 failed: Invalid game action: Priority round exceeded max actions (1000), possible infinite loop
Warning: Game 15673 failed: Invalid game action: Priority round exceeded max actions (1000), possible infinite loop
Warning: Game 156294 failed: Invalid game action: Priority round exceeded max actions (1000), possible infinite loop
Warning: Game 187546 failed: Invalid game action: Priority round exceeded max actions (1000), possible infinite loop
Warning: Game 23486 failed: Invalid game action: Priority round exceeded max actions (1000), possible infinite loop
Warning: Game 23487 failed: Invalid game action: Priority round exceeded max actions (1000), possible infinite loop
Warning: Game 250050 failed: Invalid game action: Priority round exceeded max actions (1000), possible infinite loop
Warning: Game 625048 failed: Invalid game action: Priority round exceeded max actions (1000), possible infinite loop
Completed 800 games
Warning: Game 23490 failed: Invalid game action: Priority round exceeded max actions (1000), possible infinite loop
Warning: Game 62553 failed: Invalid game action: Priority round exceeded max actions (1000), possible infinite loop
Warning: Game 93805 failed: Invalid game action: Priority round exceeded max actions (1000), possible infinite loop
Warning: Game 62554 failed: Invalid game action: Priority round exceeded max actions (1000), possible infinite loop
Warning: Game 7863 failed: Invalid game action: Priority round exceeded max actions (1000), possible infinite loop
Warning: Game 187556 failed: Invalid game action: Priority round exceeded max actions (1000), possible infinite loop
Completed 900 games
Warning: Game 625055 failed: Invalid game action: Priority round exceeded max actions (1000), possible infinite loop
Warning: Game 31307 failed: Invalid game action: Priority round exceeded max actions (1000), possible infinite loop
Warning: Game 125055 failed: Invalid game action: Priority round exceeded max actions (1000), possible infinite loop
Warning: Game 750057 failed: Invalid game action: Priority round exceeded max actions (1000), possible infinite loop
Warning: Game 23498 failed: Invalid game action: Priority round exceeded max actions (1000), possible infinite loop
Warning: Game 19589 failed: Invalid game action: Priority round exceeded max actions (1000), possible infinite loop
Warning: Game 125059 failed: Invalid game action: Priority round exceeded max actions (1000), possible infinite loop
Warning: Game 156307 failed: Invalid game action: Priority round exceeded max actions (1000), possible infinite loop
Warning: Game 15687 failed: Invalid game action: Priority round exceeded max actions (1000), possible infinite loop
Warning: Game 187561 failed: Invalid game action: Priority round exceeded max actions (1000), possible infinite loop
Warning: Game 500061 failed: Invalid game action: Priority round exceeded max actions (1000), possible infinite loop
Warning: Game 93813 failed: Invalid game action: Priority round exceeded max actions (1000), possible infinite loop
Completed 1000 games
Warning: Game 78190 failed: Invalid game action: Priority round exceeded max actions (1000), possible infinite loop
Warning: Game 187564 failed: Invalid game action: Priority round exceeded max actions (1000), possible infinite loop
Warning: Game 62563 failed: Invalid game action: Priority round exceeded max actions (1000), possible infinite loop
Warning: Game 93815 failed: Invalid game action: Priority round exceeded max actions (1000), possible infinite loop
Warning: Game 15693 failed: Invalid game action: Priority round exceeded max actions (1000), possible infinite loop
Warning: Game 625068 failed: Invalid game action: Priority round exceeded max actions (1000), possible infinite loop
Warning: Game 250068 failed: Invalid game action: Priority round exceeded max actions (1000), possible infinite loop
Warning: Game 156315 failed: Invalid game action: Priority round exceeded max actions (1000), possible infinite loop
Completed 1100 games
Warning: Game 78196 failed: Invalid game action: Priority round exceeded max actions (1000), possible infinite loop
Warning: Game 70 failed: Invalid game action: Priority round exceeded max actions (1000), possible infinite loop
Warning: Game 625072 failed: Invalid game action: Priority round exceeded max actions (1000), possible infinite loop
Warning: Game 15702 failed: Invalid game action: Priority round exceeded max actions (1000), possible infinite loop
Warning: Game 19605 failed: Invalid game action: Priority round exceeded max actions (1000), possible infinite loop
Completed 1200 games
Warning: Game 7883 failed: Invalid game action: Priority round exceeded max actions (1000), possible infinite loop
Warning: Game 19607 failed: Invalid game action: Priority round exceeded max actions (1000), possible infinite loop
Warning: Game 250076 failed: Invalid game action: Priority round exceeded max actions (1000), possible infinite loop
Warning: Game 500081 failed: Invalid game action: Priority round exceeded max actions (1000), possible infinite loop
Warning: Game 93832 failed: Invalid game action: Priority round exceeded max actions (1000), possible infinite loop
Warning: Game 625081 failed: Invalid game action: Priority round exceeded max actions (1000), possible infinite loop
Warning: Game 125077 failed: Invalid game action: Priority round exceeded max actions (1000), possible infinite loop
Completed 1300 games
Warning: Game 500085 failed: Invalid game action: Priority round exceeded max actions (1000), possible infinite loop
Warning: Game 78209 failed: Invalid game action: Priority round exceeded max actions (1000), possible infinite loop
Warning: Game 500087 failed: Invalid game action: Priority round exceeded max actions (1000), possible infinite loop
Warning: Game 625087 failed: Invalid game action: Priority round exceeded max actions (1000), possible infinite loop
Warning: Game 23527 failed: Invalid game action: Priority round exceeded max actions (1000), possible infinite loop
Completed 1400 games
Warning: Game 750087 failed: Invalid game action: Priority round exceeded max actions (1000), possible infinite loop
Warning: Game 62587 failed: Invalid game action: Priority round exceeded max actions (1000), possible infinite loop
Warning: Game 7895 failed: Invalid game action: Priority round exceeded max actions (1000), possible infinite loop
Warning: Game 93839 failed: Invalid game action: Priority round exceeded max actions (1000), possible infinite loop
Warning: Game 15714 failed: Invalid game action: Priority round exceeded max actions (1000), possible infinite loop
Warning: Game 78214 failed: Invalid game action: Priority round exceeded max actions (1000), possible infinite loop
Warning: Game 156333 failed: Invalid game action: Priority round exceeded max actions (1000), possible infinite loop
Warning: Game 125086 failed: Invalid game action: Priority round exceeded max actions (1000), possible infinite loop
Warning: Game 19622 failed: Invalid game action: Priority round exceeded max actions (1000), possible infinite loop
Warning: Game 156336 failed: Invalid game action: Priority round exceeded max actions (1000), possible infinite loop
Warning: Game 500095 failed: Invalid game action: Priority round exceeded max actions (1000), possible infinite loop
Completed 1500 games
Warning: Game 62594 failed: Invalid game action: Priority round exceeded max actions (1000), possible infinite loop
Warning: Game 78220 failed: Invalid game action: Priority round exceeded max actions (1000), possible infinite loop
Warning: Game 23538 failed: Invalid game action: Priority round exceeded max actions (1000), possible infinite loop
Warning: Game 125092 failed: Invalid game action: Priority round exceeded max actions (1000), possible infinite loop
Warning: Game 750100 failed: Invalid game action: Priority round exceeded max actions (1000), possible infinite loop
Warning: Game 15726 failed: Invalid game action: Priority round exceeded max actions (1000), possible infinite loop
Completed 1600 games
Warning: Game 125093 failed: Invalid game action: Priority round exceeded max actions (1000), possible infinite loop
Warning: Game 15727 failed: Invalid game action: Priority round exceeded max actions (1000), possible infinite loop
Warning: Game 23541 failed: Invalid game action: Priority round exceeded max actions (1000), possible infinite loop
Warning: Game 23544 failed: Invalid game action: Priority round exceeded max actions (1000), possible infinite loop
Warning: Game 7909 failed: Invalid game action: Priority round exceeded max actions (1000), possible infinite loop
Warning: Game 104 failed: Invalid game action: Priority round exceeded max actions (1000), possible infinite loop
Warning: Game 156348 failed: Invalid game action: Priority round exceeded max actions (1000), possible infinite loop
Warning: Game 187608 failed: Invalid game action: Priority round exceeded max actions (1000), possible infinite loop
Warning: Game 31355 failed: Invalid game action: Priority round exceeded max actions (1000), possible infinite loop
Warning: Game 78231 failed: Invalid game action: Priority round exceeded max actions (1000), possible infinite loop
Warning: Game 156350 failed: Invalid game action: Priority round exceeded max actions (1000), possible infinite loop
Completed 1700 games
Warning: Game 31356 failed: Invalid game action: Priority round exceeded max actions (1000), possible infinite loop
Warning: Game 7912 failed: Invalid game action: Priority round exceeded max actions (1000), possible infinite loop
Warning: Game 23550 failed: Invalid game action: Priority round exceeded max actions (1000), possible infinite loop
Warning: Game 500111 failed: Invalid game action: Priority round exceeded max actions (1000), possible infinite loop
Completed 1800 games
Warning: Game 115 failed: Invalid game action: Priority round exceeded max actions (1000), possible infinite loop
Warning: Game 19647 failed: Invalid game action: Priority round exceeded max actions (1000), possible infinite loop
Warning: Game 23557 failed: Invalid game action: Priority round exceeded max actions (1000), possible infinite loop
Completed 1900 games
Warning: Game 31369 failed: Invalid game action: Priority round exceeded max actions (1000), possible infinite loop
Warning: Game 31370 failed: Invalid game action: Priority round exceeded max actions (1000), possible infinite loop
Warning: Game 625119 failed: Invalid game action: Priority round exceeded max actions (1000), possible infinite loop
Warning: Game 62619 failed: Invalid game action: Priority round exceeded max actions (1000), possible infinite loop
Warning: Game 62620 failed: Invalid game action: Priority round exceeded max actions (1000), possible infinite loop
Warning: Game 15753 failed: Invalid game action: Priority round exceeded max actions (1000), possible infinite loop
Warning: Game 124 failed: Invalid game action: Priority round exceeded max actions (1000), possible infinite loop
Warning: Game 187627 failed: Invalid game action: Priority round exceeded max actions (1000), possible infinite loop
Completed 2000 games
Warning: Game 23566 failed: Invalid game action: Priority round exceeded max actions (1000), possible infinite loop
Warning: Game 250125 failed: Invalid game action: Priority round exceeded max actions (1000), possible infinite loop
Warning: Game 15757 failed: Invalid game action: Priority round exceeded max actions (1000), possible infinite loop
Warning: Game 250129 failed: Invalid game action: Priority round exceeded max actions (1000), possible infinite loop
Warning: Game 19660 failed: Invalid game action: Priority round exceeded max actions (1000), possible infinite loop
Completed 2100 games
Warning: Game 31382 failed: Invalid game action: Priority round exceeded max actions (1000), possible infinite loop
Warning: Game 23574 failed: Invalid game action: Priority round exceeded max actions (1000), possible infinite loop
Warning: Game 19664 failed: Invalid game action: Priority round exceeded max actions (1000), possible infinite loop
Warning: Game 93887 failed: Invalid game action: Priority round exceeded max actions (1000), possible infinite loop
Warning: Game 134 failed: Invalid game action: Priority round exceeded max actions (1000), possible infinite loop
Warning: Game 187640 failed: Invalid game action: Priority round exceeded max actions (1000), possible infinite loop
Warning: Game 62633 failed: Invalid game action: Priority round exceeded max actions (1000), possible infinite loop
Warning: Game 78263 failed: Invalid game action: Priority round exceeded max actions (1000), possible infinite loop
Warning: Game 31386 failed: Invalid game action: Priority round exceeded max actions (1000), possible infinite loop
Warning: Game 19667 failed: Invalid game action: Priority round exceeded max actions (1000), possible infinite loop
Completed 2200 games
Warning: Game 250139 failed: Invalid game action: Priority round exceeded max actions (1000), possible infinite loop
Warning: Game 15768 failed: Invalid game action: Priority round exceeded max actions (1000), possible infinite loop
Warning: Game 7946 failed: Invalid game action: Priority round exceeded max actions (1000), possible infinite loop
Warning: Game 250142 failed: Invalid game action: Priority round exceeded max actions (1000), possible infinite loop
Warning: Game 140 failed: Invalid game action: Priority round exceeded max actions (1000), possible infinite loop
Warning: Game 93895 failed: Invalid game action: Priority round exceeded max actions (1000), possible infinite loop
Warning: Game 500143 failed: Invalid game action: Priority round exceeded max actions (1000), possible infinite loop
Warning: Game 7949 failed: Invalid game action: Priority round exceeded max actions (1000), possible infinite loop
Warning: Game 500144 failed: Invalid game action: Priority round exceeded max actions (1000), possible infinite loop
Completed 2300 games
Warning: Game 23582 failed: Invalid game action: Priority round exceeded max actions (1000), possible infinite loop
Warning: Game 78270 failed: Invalid game action: Priority round exceeded max actions (1000), possible infinite loop
Warning: Game 93900 failed: Invalid game action: Priority round exceeded max actions (1000), possible infinite loop
Warning: Game 187652 failed: Invalid game action: Priority round exceeded max actions (1000), possible infinite loop
Warning: Game 7955 failed: Invalid game action: Priority round exceeded max actions (1000), possible infinite loop
Warning: Game 125144 failed: Invalid game action: Priority round exceeded max actions (1000), possible infinite loop
Warning: Game 31398 failed: Invalid game action: Priority round exceeded max actions (1000), possible infinite loop
Warning: Game 62647 failed: Invalid game action: Priority round exceeded max actions (1000), possible infinite loop
Completed 2400 games
Warning: Game 19679 failed: Invalid game action: Priority round exceeded max actions (1000), possible infinite loop
Warning: Game 500151 failed: Invalid game action: Priority round exceeded max actions (1000), possible infinite loop
Warning: Game 31402 failed: Invalid game action: Priority round exceeded max actions (1000), possible infinite loop
Warning: Game 187658 failed: Invalid game action: Priority round exceeded max actions (1000), possible infinite loop
Warning: Game 19682 failed: Invalid game action: Priority round exceeded max actions (1000), possible infinite loop
Warning: Game 62654 failed: Invalid game action: Priority round exceeded max actions (1000), possible infinite loop
Completed 2500 games
Warning: Game 23596 failed: Invalid game action: Priority round exceeded max actions (1000), possible infinite loop
Warning: Game 187662 failed: Invalid game action: Priority round exceeded max actions (1000), possible infinite loop
Warning: Game 7966 failed: Invalid game action: Priority round exceeded max actions (1000), possible infinite loop
Warning: Game 250161 failed: Invalid game action: Priority round exceeded max actions (1000), possible infinite loop
Warning: Game 750162 failed: Invalid game action: Priority round exceeded max actions (1000), possible infinite loop
Warning: Game 7968 failed: Invalid game action: Priority round exceeded max actions (1000), possible infinite loop
Completed 2600 games
Warning: Game 93920 failed: Invalid game action: Priority round exceeded max actions (1000), possible infinite loop
Warning: Game 78288 failed: Invalid game action: Priority round exceeded max actions (1000), possible infinite loop
Warning: Game 15797 failed: Invalid game action: Priority round exceeded max actions (1000), possible infinite loop
Warning: Game 62666 failed: Invalid game action: Priority round exceeded max actions (1000), possible infinite loop
Warning: Game 19695 failed: Invalid game action: Priority round exceeded max actions (1000), possible infinite loop
Warning: Game 750168 failed: Invalid game action: Priority round exceeded max actions (1000), possible infinite loop
Warning: Game 156410 failed: Invalid game action: Priority round exceeded max actions (1000), possible infinite loop
Completed 2700 games
Warning: Game 23607 failed: Invalid game action: Priority round exceeded max actions (1000), possible infinite loop
Warning: Game 156415 failed: Invalid game action: Priority round exceeded max actions (1000), possible infinite loop
Warning: Game 156416 failed: Invalid game action: Priority round exceeded max actions (1000), possible infinite loop
Warning: Game 78297 failed: Invalid game action: Priority round exceeded max actions (1000), possible infinite loop
Warning: Game 125168 failed: Invalid game action: Priority round exceeded max actions (1000), possible infinite loop
Completed 2800 games
Warning: Game 187679 failed: Invalid game action: Priority round exceeded max actions (1000), possible infinite loop
Warning: Game 19706 failed: Invalid game action: Priority round exceeded max actions (1000), possible infinite loop
Warning: Game 62678 failed: Invalid game action: Priority round exceeded max actions (1000), possible infinite loop
Warning: Game 19708 failed: Invalid game action: Priority round exceeded max actions (1000), possible infinite loop
Completed 2900 games
Warning: Game 93934 failed: Invalid game action: Priority round exceeded max actions (1000), possible infinite loop
Warning: Game 250184 failed: Invalid game action: Priority round exceeded max actions (1000), possible infinite loop
Warning: Game 15814 failed: Invalid game action: Priority round exceeded max actions (1000), possible infinite loop
Warning: Game 19712 failed: Invalid game action: Priority round exceeded max actions (1000), possible infinite loop
Warning: Game 187689 failed: Invalid game action: Priority round exceeded max actions (1000), possible infinite loop
Completed 3000 games
Warning: Game 62688 failed: Invalid game action: Priority round exceeded max actions (1000), possible infinite loop
Warning: Game 189 failed: Invalid game action: Priority round exceeded max actions (1000), possible infinite loop
Warning: Game 19718 failed: Invalid game action: Priority round exceeded max actions (1000), possible infinite loop
Warning: Game 15822 failed: Invalid game action: Priority round exceeded max actions (1000), possible infinite loop
Warning: Game 750190 failed: Invalid game action: Priority round exceeded max actions (1000), possible infinite loop
Warning: Game 250191 failed: Invalid game action: Priority round exceeded max actions (1000), possible infinite loop
Warning: Game 500193 failed: Invalid game action: Priority round exceeded max actions (1000), possible infinite loop
Warning: Game 23630 failed: Invalid game action: Priority round exceeded max actions (1000), possible infinite loop
Warning: Game 7997 failed: Invalid game action: Priority round exceeded max actions (1000), possible infinite loop
Warning: Game 156434 failed: Invalid game action: Priority round exceeded max actions (1000), possible infinite loop
Completed 3100 games
Warning: Game 750194 failed: Invalid game action: Priority round exceeded max actions (1000), possible infinite loop
Warning: Game 250195 failed: Invalid game action: Priority round exceeded max actions (1000), possible infinite loop
Warning: Game 8001 failed: Invalid game action: Priority round exceeded max actions (1000), possible infinite loop
Warning: Game 93952 failed: Invalid game action: Priority round exceeded max actions (1000), possible infinite loop
Warning: Game 156440 failed: Invalid game action: Priority round exceeded max actions (1000), possible infinite loop
Completed 3200 games
Warning: Game 15832 failed: Invalid game action: Priority round exceeded max actions (1000), possible infinite loop
Warning: Game 93955 failed: Invalid game action: Priority round exceeded max actions (1000), possible infinite loop
Warning: Game 625200 failed: Invalid game action: Priority round exceeded max actions (1000), possible infinite loop
Warning: Game 31460 failed: Invalid game action: Priority round exceeded max actions (1000), possible infinite loop
Completed 3300 games
Warning: Game 8013 failed: Invalid game action: Priority round exceeded max actions (1000), possible infinite loop
Warning: Game 15839 failed: Invalid game action: Priority round exceeded max actions (1000), possible infinite loop
Warning: Game 19735 failed: Invalid game action: Priority round exceeded max actions (1000), possible infinite loop
Warning: Game 93962 failed: Invalid game action: Priority round exceeded max actions (1000), possible infinite loop
Warning: Game 23645 failed: Invalid game action: Priority round exceeded max actions (1000), possible infinite loop
Warning: Game 125203 failed: Invalid game action: Priority round exceeded max actions (1000), possible infinite loop
Warning: Game 500211 failed: Invalid game action: Priority round exceeded max actions (1000), possible infinite loop
Warning: Game 156452 failed: Invalid game action: Priority round exceeded max actions (1000), possible infinite loop
Warning: Game 500212 failed: Invalid game action: Priority round exceeded max actions (1000), possible infinite loop
Warning: Game 156454 failed: Invalid game action: Priority round exceeded max actions (1000), possible infinite loop
Warning: Game 93965 failed: Invalid game action: Priority round exceeded max actions (1000), possible infinite loop
Completed 3400 games
Warning: Game 19739 failed: Invalid game action: Priority round exceeded max actions (1000), possible infinite loop
Warning: Game 156456 failed: Invalid game action: Priority round exceeded max actions (1000), possible infinite loop
Warning: Game 625214 failed: Invalid game action: Priority round exceeded max actions (1000), possible infinite loop
Warning: Game 19742 failed: Invalid game action: Priority round exceeded max actions (1000), possible infinite loop
Warning: Game 500219 failed: Invalid game action: Priority round exceeded max actions (1000), possible infinite loop
Warning: Game 93970 failed: Invalid game action: Priority round exceeded max actions (1000), possible infinite loop
Warning: Game 62717 failed: Invalid game action: Priority round exceeded max actions (1000), possible infinite loop
Warning: Game 250216 failed: Invalid game action: Priority round exceeded max actions (1000), possible infinite loop
Completed 3500 games
Warning: Game 156462 failed: Invalid game action: Priority round exceeded max actions (1000), possible infinite loop
Warning: Game 15852 failed: Invalid game action: Priority round exceeded max actions (1000), possible infinite loop
Warning: Game 187725 failed: Invalid game action: Priority round exceeded max actions (1000), possible infinite loop
Warning: Game 187726 failed: Invalid game action: Priority round exceeded max actions (1000), possible infinite loop
Warning: Game 23661 failed: Invalid game action: Priority round exceeded max actions (1000), possible infinite loop
Warning: Game 625223 failed: Invalid game action: Priority round exceeded max actions (1000), possible infinite loop
Warning: Game 62725 failed: Invalid game action: Priority round exceeded max actions (1000), possible infinite loop
Completed 3600 games
Warning: Game 62726 failed: Invalid game action: Priority round exceeded max actions (1000), possible infinite loop
Warning: Game 187731 failed: Invalid game action: Priority round exceeded max actions (1000), possible infinite loop
Warning: Game 31480 failed: Invalid game action: Priority round exceeded max actions (1000), possible infinite loop
Warning: Game 750233 failed: Invalid game action: Priority round exceeded max actions (1000), possible infinite loop
Completed 3700 games
Warning: Game 156475 failed: Invalid game action: Priority round exceeded max actions (1000), possible infinite loop
Warning: Game 23670 failed: Invalid game action: Priority round exceeded max actions (1000), possible infinite loop
Warning: Game 8041 failed: Invalid game action: Priority round exceeded max actions (1000), possible infinite loop
Warning: Game 625235 failed: Invalid game action: Priority round exceeded max actions (1000), possible infinite loop
Warning: Game 250235 failed: Invalid game action: Priority round exceeded max actions (1000), possible infinite loop
Warning: Game 19760 failed: Invalid game action: Priority round exceeded max actions (1000), possible infinite loop
Warning: Game 8044 failed: Invalid game action: Priority round exceeded max actions (1000), possible infinite loop
Warning: Game 19761 failed: Invalid game action: Priority round exceeded max actions (1000), possible infinite loop
Warning: Game 15869 failed: Invalid game action: Priority round exceeded max actions (1000), possible infinite loop
Completed 3800 games
Warning: Game 93992 failed: Invalid game action: Priority round exceeded max actions (1000), possible infinite loop
Warning: Game 500243 failed: Invalid game action: Priority round exceeded max actions (1000), possible infinite loop
Warning: Game 78364 failed: Invalid game action: Priority round exceeded max actions (1000), possible infinite loop
Warning: Game 750245 failed: Invalid game action: Priority round exceeded max actions (1000), possible infinite loop
Warning: Game 19766 failed: Invalid game action: Priority round exceeded max actions (1000), possible infinite loop
Completed 3900 games
Warning: Game 125237 failed: Invalid game action: Priority round exceeded max actions (1000), possible infinite loop
Warning: Game 19771 failed: Invalid game action: Priority round exceeded max actions (1000), possible infinite loop
Warning: Game 15879 failed: Invalid game action: Priority round exceeded max actions (1000), possible infinite loop
Warning: Game 78368 failed: Invalid game action: Priority round exceeded max actions (1000), possible infinite loop
Warning: Game 19775 failed: Invalid game action: Priority round exceeded max actions (1000), possible infinite loop
Warning: Game 187753 failed: Invalid game action: Priority round exceeded max actions (1000), possible infinite loop
Completed 4000 games
Warning: Game 750252 failed: Invalid game action: Priority round exceeded max actions (1000), possible infinite loop
Warning: Game 8060 failed: Invalid game action: Priority round exceeded max actions (1000), possible infinite loop
Warning: Game 750253 failed: Invalid game action: Priority round exceeded max actions (1000), possible infinite loop
Warning: Game 125244 failed: Invalid game action: Priority round exceeded max actions (1000), possible infinite loop
Warning: Game 15885 failed: Invalid game action: Priority round exceeded max actions (1000), possible infinite loop
Warning: Game 78375 failed: Invalid game action: Priority round exceeded max actions (1000), possible infinite loop
Warning: Game 625251 failed: Invalid game action: Priority round exceeded max actions (1000), possible infinite loop
Warning: Game 19780 failed: Invalid game action: Priority round exceeded max actions (1000), possible infinite loop
Warning: Game 94013 failed: Invalid game action: Priority round exceeded max actions (1000), possible infinite loop
Warning: Game 257 failed: Invalid game action: Priority round exceeded max actions (1000), possible infinite loop
Warning: Game 23689 failed: Invalid game action: Priority round exceeded max actions (1000), possible infinite loop
Completed 4100 games
Warning: Game 15890 failed: Invalid game action: Priority round exceeded max actions (1000), possible infinite loop
Warning: Game 156500 failed: Invalid game action: Priority round exceeded max actions (1000), possible infinite loop
Warning: Game 500258 failed: Invalid game action: Priority round exceeded max actions (1000), possible infinite loop
Warning: Game 15897 failed: Invalid game action: Priority round exceeded max actions (1000), possible infinite loop
Warning: Game 23694 failed: Invalid game action: Priority round exceeded max actions (1000), possible infinite loop
Warning: Game 187766 failed: Invalid game action: Priority round exceeded max actions (1000), possible infinite loop
Warning: Game 250262 failed: Invalid game action: Priority round exceeded max actions (1000), possible infinite loop
Warning: Game 19789 failed: Invalid game action: Priority round exceeded max actions (1000), possible infinite loop
Completed 4200 games
Warning: Game 187768 failed: Invalid game action: Priority round exceeded max actions (1000), possible infinite loop
Warning: Game 250263 failed: Invalid game action: Priority round exceeded max actions (1000), possible infinite loop
Warning: Game 15899 failed: Invalid game action: Priority round exceeded max actions (1000), possible infinite loop
Warning: Game 264 failed: Invalid game action: Priority round exceeded max actions (1000), possible infinite loop
Warning: Game 250264 failed: Invalid game action: Priority round exceeded max actions (1000), possible infinite loop
Warning: Game 19792 failed: Invalid game action: Priority round exceeded max actions (1000), possible infinite loop
Warning: Game 8075 failed: Invalid game action: Priority round exceeded max actions (1000), possible infinite loop
Warning: Game 15905 failed: Invalid game action: Priority round exceeded max actions (1000), possible infinite loop
Warning: Game 625267 failed: Invalid game action: Priority round exceeded max actions (1000), possible infinite loop
Warning: Game 187772 failed: Invalid game action: Priority round exceeded max actions (1000), possible infinite loop
Completed 4300 games
Warning: Game 750273 failed: Invalid game action: Priority round exceeded max actions (1000), possible infinite loop
Warning: Game 78393 failed: Invalid game action: Priority round exceeded max actions (1000), possible infinite loop
Warning: Game 750274 failed: Invalid game action: Priority round exceeded max actions (1000), possible infinite loop
Warning: Game 94027 failed: Invalid game action: Priority round exceeded max actions (1000), possible infinite loop
Warning: Game 31518 failed: Invalid game action: Priority round exceeded max actions (1000), possible infinite loop
Warning: Game 19797 failed: Invalid game action: Priority round exceeded max actions (1000), possible infinite loop
Warning: Game 94028 failed: Invalid game action: Priority round exceeded max actions (1000), possible infinite loop
Warning: Game 31522 failed: Invalid game action: Priority round exceeded max actions (1000), possible infinite loop
Warning: Game 62776 failed: Invalid game action: Priority round exceeded max actions (1000), possible infinite loop
Warning: Game 94033 failed: Invalid game action: Priority round exceeded max actions (1000), possible infinite loop
Completed 4400 games
Warning: Game 750280 failed: Invalid game action: Priority round exceeded max actions (1000), possible infinite loop
Warning: Game 23708 failed: Invalid game action: Priority round exceeded max actions (1000), possible infinite loop
Warning: Game 23710 failed: Invalid game action: Priority round exceeded max actions (1000), possible infinite loop
Warning: Game 19804 failed: Invalid game action: Priority round exceeded max actions (1000), possible infinite loop
Warning: Game 31528 failed: Invalid game action: Priority round exceeded max actions (1000), possible infinite loop
Warning: Game 8089 failed: Invalid game action: Priority round exceeded max actions (1000), possible infinite loop
Warning: Game 250279 failed: Invalid game action: Priority round exceeded max actions (1000), possible infinite loop
Warning: Game 94040 failed: Invalid game action: Priority round exceeded max actions (1000), possible infinite loop
Completed 4500 games
Warning: Game 78405 failed: Invalid game action: Priority round exceeded max actions (1000), possible infinite loop
Warning: Game 8091 failed: Invalid game action: Priority round exceeded max actions (1000), possible infinite loop
Warning: Game 250284 failed: Invalid game action: Priority round exceeded max actions (1000), possible infinite loop
Warning: Game 156527 failed: Invalid game action: Priority round exceeded max actions (1000), possible infinite loop
Completed 4600 games
Warning: Game 625285 failed: Invalid game action: Priority round exceeded max actions (1000), possible infinite loop
Warning: Game 94045 failed: Invalid game action: Priority round exceeded max actions (1000), possible infinite loop
Warning: Game 625286 failed: Invalid game action: Priority round exceeded max actions (1000), possible infinite loop
Warning: Game 287 failed: Invalid game action: Priority round exceeded max actions (1000), possible infinite loop
Warning: Game 156533 failed: Invalid game action: Priority round exceeded max actions (1000), possible infinite loop
Warning: Game 23726 failed: Invalid game action: Priority round exceeded max actions (1000), possible infinite loop
Completed 4700 games
Warning: Game 187797 failed: Invalid game action: Priority round exceeded max actions (1000), possible infinite loop
Warning: Game 23728 failed: Invalid game action: Priority round exceeded max actions (1000), possible infinite loop
Warning: Game 750303 failed: Invalid game action: Priority round exceeded max actions (1000), possible infinite loop
Warning: Game 19822 failed: Invalid game action: Priority round exceeded max actions (1000), possible infinite loop
Warning: Game 625294 failed: Invalid game action: Priority round exceeded max actions (1000), possible infinite loop
Warning: Game 500295 failed: Invalid game action: Priority round exceeded max actions (1000), possible infinite loop
Warning: Game 62798 failed: Invalid game action: Priority round exceeded max actions (1000), possible infinite loop
Warning: Game 500296 failed: Invalid game action: Priority round exceeded max actions (1000), possible infinite loop
Warning: Game 78422 failed: Invalid game action: Priority round exceeded max actions (1000), possible infinite loop
Warning: Game 125292 failed: Invalid game action: Priority round exceeded max actions (1000), possible infinite loop
Completed 4800 games
Warning: Game 19827 failed: Invalid game action: Priority round exceeded max actions (1000), possible infinite loop
Warning: Game 78424 failed: Invalid game action: Priority round exceeded max actions (1000), possible infinite loop
Warning: Game 62803 failed: Invalid game action: Priority round exceeded max actions (1000), possible infinite loop
Warning: Game 500301 failed: Invalid game action: Priority round exceeded max actions (1000), possible infinite loop
Warning: Game 8110 failed: Invalid game action: Priority round exceeded max actions (1000), possible infinite loop
Warning: Game 94060 failed: Invalid game action: Priority round exceeded max actions (1000), possible infinite loop
Warning: Game 500303 failed: Invalid game action: Priority round exceeded max actions (1000), possible infinite loop
Warning: Game 23736 failed: Invalid game action: Priority round exceeded max actions (1000), possible infinite loop
Completed 4900 games
Warning: Game 15943 failed: Invalid game action: Priority round exceeded max actions (1000), possible infinite loop
Warning: Game 187808 failed: Invalid game action: Priority round exceeded max actions (1000), possible infinite loop
Warning: Game 156552 failed: Invalid game action: Priority round exceeded max actions (1000), possible infinite loop
Warning: Game 187809 failed: Invalid game action: Priority round exceeded max actions (1000), possible infinite loop
Warning: Game 750316 failed: Invalid game action: Priority round exceeded max actions (1000), possible infinite loop
Warning: Game 31560 failed: Invalid game action: Priority round exceeded max actions (1000), possible infinite loop
Warning: Game 305 failed: Invalid game action: Priority round exceeded max actions (1000), possible infinite loop
Warning: Game 94066 failed: Invalid game action: Priority round exceeded max actions (1000), possible infinite loop
Warning: Game 250310 failed: Invalid game action: Priority round exceeded max actions (1000), possible infinite loop
Warning: Game 500309 failed: Invalid game action: Priority round exceeded max actions (1000), possible infinite loop
Warning: Game 31563 failed: Invalid game action: Priority round exceeded max actions (1000), possible infinite loop
Warning: Game 187814 failed: Invalid game action: Priority round exceeded max actions (1000), possible infinite loop
Completed 5000 games
Warning: Game 250312 failed: Invalid game action: Priority round exceeded max actions (1000), possible infinite loop
Warning: Game 125307 failed: Invalid game action: Priority round exceeded max actions (1000), possible infinite loop
Warning: Game 250313 failed: Invalid game action: Priority round exceeded max actions (1000), possible infinite loop
Warning: Game 750323 failed: Invalid game action: Priority round exceeded max actions (1000), possible infinite loop
Warning: Game 8120 failed: Invalid game action: Priority round exceeded max actions (1000), possible infinite loop
Warning: Game 8121 failed: Invalid game action: Priority round exceeded max actions (1000), possible infinite loop
Warning: Game 94074 failed: Invalid game action: Priority round exceeded max actions (1000), possible infinite loop
Warning: Game 62821 failed: Invalid game action: Priority round exceeded max actions (1000), possible infinite loop
Completed 5100 games
Warning: Game 187822 failed: Invalid game action: Priority round exceeded max actions (1000), possible infinite loop
Warning: Game 15956 failed: Invalid game action: Priority round exceeded max actions (1000), possible infinite loop
Warning: Game 94076 failed: Invalid game action: Priority round exceeded max actions (1000), possible infinite loop
Warning: Game 23753 failed: Invalid game action: Priority round exceeded max actions (1000), possible infinite loop
Completed 5200 games
Warning: Game 8129 failed: Invalid game action: Priority round exceeded max actions (1000), possible infinite loop
Warning: Game 625322 failed: Invalid game action: Priority round exceeded max actions (1000), possible infinite loop
Warning: Game 250324 failed: Invalid game action: Priority round exceeded max actions (1000), possible infinite loop
Warning: Game 94081 failed: Invalid game action: Priority round exceeded max actions (1000), possible infinite loop
Warning: Game 78450 failed: Invalid game action: Priority round exceeded max actions (1000), possible infinite loop
Warning: Game 15963 failed: Invalid game action: Priority round exceeded max actions (1000), possible infinite loop
Warning: Game 187834 failed: Invalid game action: Priority round exceeded max actions (1000), possible infinite loop
Warning: Game 78453 failed: Invalid game action: Priority round exceeded max actions (1000), possible infinite loop
Completed 5300 games
Warning: Game 250332 failed: Invalid game action: Priority round exceeded max actions (1000), possible infinite loop
Warning: Game 625331 failed: Invalid game action: Priority round exceeded max actions (1000), possible infinite loop
Warning: Game 500332 failed: Invalid game action: Priority round exceeded max actions (1000), possible infinite loop
Warning: Game 625334 failed: Invalid game action: Priority round exceeded max actions (1000), possible infinite loop
Warning: Game 31591 failed: Invalid game action: Priority round exceeded max actions (1000), possible infinite loop
Completed 5400 games
Warning: Game 15972 failed: Invalid game action: Priority round exceeded max actions (1000), possible infinite loop
Warning: Game 750349 failed: Invalid game action: Priority round exceeded max actions (1000), possible infinite loop
Warning: Game 500336 failed: Invalid game action: Priority round exceeded max actions (1000), possible infinite loop
Completed 5500 games
Warning: Game 8153 failed: Invalid game action: Priority round exceeded max actions (1000), possible infinite loop
Warning: Game 342 failed: Invalid game action: Priority round exceeded max actions (1000), possible infinite loop
Warning: Game 19878 failed: Invalid game action: Priority round exceeded max actions (1000), possible infinite loop
Warning: Game 78473 failed: Invalid game action: Priority round exceeded max actions (1000), possible infinite loop
Completed 5600 games
Warning: Game 31603 failed: Invalid game action: Priority round exceeded max actions (1000), possible infinite loop
Warning: Game 15985 failed: Invalid game action: Priority round exceeded max actions (1000), possible infinite loop
Warning: Game 94108 failed: Invalid game action: Priority round exceeded max actions (1000), possible infinite loop
Warning: Game 625348 failed: Invalid game action: Priority round exceeded max actions (1000), possible infinite loop
Warning: Game 23781 failed: Invalid game action: Priority round exceeded max actions (1000), possible infinite loop
Warning: Game 19880 failed: Invalid game action: Priority round exceeded max actions (1000), possible infinite loop
Warning: Game 8159 failed: Invalid game action: Priority round exceeded max actions (1000), possible infinite loop
Warning: Game 94110 failed: Invalid game action: Priority round exceeded max actions (1000), possible infinite loop
Warning: Game 78478 failed: Invalid game action: Priority round exceeded max actions (1000), possible infinite loop
Warning: Game 750365 failed: Invalid game action: Priority round exceeded max actions (1000), possible infinite loop
Warning: Game 94113 failed: Invalid game action: Priority round exceeded max actions (1000), possible infinite loop
Completed 5700 games
Warning: Game 750367 failed: Invalid game action: Priority round exceeded max actions (1000), possible infinite loop
Warning: Game 353 failed: Invalid game action: Priority round exceeded max actions (1000), possible infinite loop
Warning: Game 750368 failed: Invalid game action: Priority round exceeded max actions (1000), possible infinite loop
Warning: Game 625358 failed: Invalid game action: Priority round exceeded max actions (1000), possible infinite loop
Warning: Game 750371 failed: Invalid game action: Priority round exceeded max actions (1000), possible infinite loop
Warning: Game 23793 failed: Invalid game action: Priority round exceeded max actions (1000), possible infinite loop
Warning: Game 31616 failed: Invalid game action: Priority round exceeded max actions (1000), possible infinite loop
Completed 5800 games
Warning: Game 31617 failed: Invalid game action: Priority round exceeded max actions (1000), possible infinite loop
Warning: Game 358 failed: Invalid game action: Priority round exceeded max actions (1000), possible infinite loop
Warning: Game 19892 failed: Invalid game action: Priority round exceeded max actions (1000), possible infinite loop
Warning: Game 187866 failed: Invalid game action: Priority round exceeded max actions (1000), possible infinite loop
Warning: Game 94122 failed: Invalid game action: Priority round exceeded max actions (1000), possible infinite loop
Warning: Game 62867 failed: Invalid game action: Priority round exceeded max actions (1000), possible infinite loop
Warning: Game 360 failed: Invalid game action: Priority round exceeded max actions (1000), possible infinite loop
Warning: Game 750377 failed: Invalid game action: Priority round exceeded max actions (1000), possible infinite loop
Warning: Game 78492 failed: Invalid game action: Priority round exceeded max actions (1000), possible infinite loop
Warning: Game 78493 failed: Invalid game action: Priority round exceeded max actions (1000), possible infinite loop
Completed 5900 games
Warning: Game 625372 failed: Invalid game action: Priority round exceeded max actions (1000), possible infinite loop
Warning: Game 23802 failed: Invalid game action: Priority round exceeded max actions (1000), possible infinite loop
Warning: Game 250369 failed: Invalid game action: Priority round exceeded max actions (1000), possible infinite loop
Warning: Game 62874 failed: Invalid game action: Priority round exceeded max actions (1000), possible infinite loop
Warning: Game 156614 failed: Invalid game action: Priority round exceeded max actions (1000), possible infinite loop
Completed 6000 games
Warning: Game 500373 failed: Invalid game action: Priority round exceeded max actions (1000), possible infinite loop
Warning: Game 31631 failed: Invalid game action: Priority round exceeded max actions (1000), possible infinite loop
Completed 6100 games
Warning: Game 500378 failed: Invalid game action: Priority round exceeded max actions (1000), possible infinite loop
Warning: Game 94142 failed: Invalid game action: Priority round exceeded max actions (1000), possible infinite loop
Warning: Game 125381 failed: Invalid game action: Priority round exceeded max actions (1000), possible infinite loop
Warning: Game 31642 failed: Invalid game action: Priority round exceeded max actions (1000), possible infinite loop
Warning: Game 94143 failed: Invalid game action: Priority round exceeded max actions (1000), possible infinite loop
Warning: Game 8192 failed: Invalid game action: Priority round exceeded max actions (1000), possible infinite loop
Warning: Game 156627 failed: Invalid game action: Priority round exceeded max actions (1000), possible infinite loop
Completed 6200 games
Warning: Game 500383 failed: Invalid game action: Priority round exceeded max actions (1000), possible infinite loop
Warning: Game 250387 failed: Invalid game action: Priority round exceeded max actions (1000), possible infinite loop
Warning: Game 187894 failed: Invalid game action: Priority round exceeded max actions (1000), possible infinite loop
Warning: Game 625393 failed: Invalid game action: Priority round exceeded max actions (1000), possible infinite loop
Warning: Game 187895 failed: Invalid game action: Priority round exceeded max actions (1000), possible infinite loop
Warning: Game 750406 failed: Invalid game action: Priority round exceeded max actions (1000), possible infinite loop
Completed 6300 games
Warning: Game 94150 failed: Invalid game action: Priority round exceeded max actions (1000), possible infinite loop
Warning: Game 19923 failed: Invalid game action: Priority round exceeded max actions (1000), possible infinite loop
Warning: Game 250394 failed: Invalid game action: Priority round exceeded max actions (1000), possible infinite loop
Warning: Game 187897 failed: Invalid game action: Priority round exceeded max actions (1000), possible infinite loop
Warning: Game 16026 failed: Invalid game action: Priority round exceeded max actions (1000), possible infinite loop
Warning: Game 8202 failed: Invalid game action: Priority round exceeded max actions (1000), possible infinite loop
Warning: Game 16027 failed: Invalid game action: Priority round exceeded max actions (1000), possible infinite loop
Warning: Game 19927 failed: Invalid game action: Priority round exceeded max actions (1000), possible infinite loop
Warning: Game 62899 failed: Invalid game action: Priority round exceeded max actions (1000), possible infinite loop
Warning: Game 500393 failed: Invalid game action: Priority round exceeded max actions (1000), possible infinite loop
Warning: Game 19928 failed: Invalid game action: Priority round exceeded max actions (1000), possible infinite loop
Completed 6400 games
Warning: Game 500394 failed: Invalid game action: Priority round exceeded max actions (1000), possible infinite loop
Warning: Game 393 failed: Invalid game action: Priority round exceeded max actions (1000), possible infinite loop
Warning: Game 625403 failed: Invalid game action: Priority round exceeded max actions (1000), possible infinite loop
Warning: Game 250402 failed: Invalid game action: Priority round exceeded max actions (1000), possible infinite loop
Warning: Game 31658 failed: Invalid game action: Priority round exceeded max actions (1000), possible infinite loop
Warning: Game 156642 failed: Invalid game action: Priority round exceeded max actions (1000), possible infinite loop
Warning: Game 625405 failed: Invalid game action: Priority round exceeded max actions (1000), possible infinite loop
Warning: Game 31662 failed: Invalid game action: Priority round exceeded max actions (1000), possible infinite loop
Warning: Game 94162 failed: Invalid game action: Priority round exceeded max actions (1000), possible infinite loop
Warning: Game 625408 failed: Invalid game action: Priority round exceeded max actions (1000), possible infinite loop
Completed 6500 games
Warning: Game 31663 failed: Invalid game action: Priority round exceeded max actions (1000), possible infinite loop
Warning: Game 187909 failed: Invalid game action: Priority round exceeded max actions (1000), possible infinite loop
Warning: Game 156647 failed: Invalid game action: Priority round exceeded max actions (1000), possible infinite loop
Warning: Game 500401 failed: Invalid game action: Priority round exceeded max actions (1000), possible infinite loop
Warning: Game 62908 failed: Invalid game action: Priority round exceeded max actions (1000), possible infinite loop
Warning: Game 23840 failed: Invalid game action: Priority round exceeded max actions (1000), possible infinite loop
Warning: Game 750425 failed: Invalid game action: Priority round exceeded max actions (1000), possible infinite loop
Warning: Game 500404 failed: Invalid game action: Priority round exceeded max actions (1000), possible infinite loop
Completed 6600 games
Warning: Game 78537 failed: Invalid game action: Priority round exceeded max actions (1000), possible infinite loop
Warning: Game 23845 failed: Invalid game action: Priority round exceeded max actions (1000), possible infinite loop
Warning: Game 750432 failed: Invalid game action: Priority round exceeded max actions (1000), possible infinite loop
Warning: Game 8221 failed: Invalid game action: Priority round exceeded max actions (1000), possible infinite loop
Warning: Game 250416 failed: Invalid game action: Priority round exceeded max actions (1000), possible infinite loop
Warning: Game 750433 failed: Invalid game action: Priority round exceeded max actions (1000), possible infinite loop
Warning: Game 8223 failed: Invalid game action: Priority round exceeded max actions (1000), possible infinite loop
Warning: Game 125413 failed: Invalid game action: Priority round exceeded max actions (1000), possible infinite loop
Completed 6700 games
Warning: Game 16053 failed: Invalid game action: Priority round exceeded max actions (1000), possible infinite loop
Warning: Game 500414 failed: Invalid game action: Priority round exceeded max actions (1000), possible infinite loop
Warning: Game 8228 failed: Invalid game action: Priority round exceeded max actions (1000), possible infinite loop
Warning: Game 750439 failed: Invalid game action: Priority round exceeded max actions (1000), possible infinite loop
Warning: Game 8229 failed: Invalid game action: Priority round exceeded max actions (1000), possible infinite loop
Warning: Game 625428 failed: Invalid game action: Priority round exceeded max actions (1000), possible infinite loop
Warning: Game 31681 failed: Invalid game action: Priority round exceeded max actions (1000), possible infinite loop
Completed 6800 games
Warning: Game 187927 failed: Invalid game action: Priority round exceeded max actions (1000), possible infinite loop
Warning: Game 94182 failed: Invalid game action: Priority round exceeded max actions (1000), possible infinite loop
Warning: Game 19959 failed: Invalid game action: Priority round exceeded max actions (1000), possible infinite loop
Warning: Game 62932 failed: Invalid game action: Priority round exceeded max actions (1000), possible infinite loop
Completed 6900 games
Warning: Game 8237 failed: Invalid game action: Priority round exceeded max actions (1000), possible infinite loop
Warning: Game 156674 failed: Invalid game action: Priority round exceeded max actions (1000), possible infinite loop
Warning: Game 250435 failed: Invalid game action: Priority round exceeded max actions (1000), possible infinite loop
Warning: Game 625438 failed: Invalid game action: Priority round exceeded max actions (1000), possible infinite loop
Warning: Game 94192 failed: Invalid game action: Priority round exceeded max actions (1000), possible infinite loop
Completed 7000 games
Warning: Game 19969 failed: Invalid game action: Priority round exceeded max actions (1000), possible infinite loop
Warning: Game 94193 failed: Invalid game action: Priority round exceeded max actions (1000), possible infinite loop
Warning: Game 19972 failed: Invalid game action: Priority round exceeded max actions (1000), possible infinite loop
Warning: Game 62942 failed: Invalid game action: Priority round exceeded max actions (1000), possible infinite loop
Warning: Game 78561 failed: Invalid game action: Priority round exceeded max actions (1000), possible infinite loop
Warning: Game 625443 failed: Invalid game action: Priority round exceeded max actions (1000), possible infinite loop
Warning: Game 94196 failed: Invalid game action: Priority round exceeded max actions (1000), possible infinite loop
Warning: Game 8247 failed: Invalid game action: Priority round exceeded max actions (1000), possible infinite loop
Completed 7100 games
Warning: Game 125439 failed: Invalid game action: Priority round exceeded max actions (1000), possible infinite loop
Warning: Game 16078 failed: Invalid game action: Priority round exceeded max actions (1000), possible infinite loop
Warning: Game 156687 failed: Invalid game action: Priority round exceeded max actions (1000), possible infinite loop
Warning: Game 31701 failed: Invalid game action: Priority round exceeded max actions (1000), possible infinite loop
Warning: Game 16080 failed: Invalid game action: Priority round exceeded max actions (1000), possible infinite loop
Warning: Game 156689 failed: Invalid game action: Priority round exceeded max actions (1000), possible infinite loop
Warning: Game 125442 failed: Invalid game action: Priority round exceeded max actions (1000), possible infinite loop
Warning: Game 156690 failed: Invalid game action: Priority round exceeded max actions (1000), possible infinite loop
Warning: Game 94205 failed: Invalid game action: Priority round exceeded max actions (1000), possible infinite loop
Warning: Game 440 failed: Invalid game action: Priority round exceeded max actions (1000), possible infinite loop
Completed 7200 games
Warning: Game 625455 failed: Invalid game action: Priority round exceeded max actions (1000), possible infinite loop
Warning: Game 156691 failed: Invalid game action: Priority round exceeded max actions (1000), possible infinite loop
Warning: Game 187952 failed: Invalid game action: Priority round exceeded max actions (1000), possible infinite loop
Warning: Game 125445 failed: Invalid game action: Priority round exceeded max actions (1000), possible infinite loop
Warning: Game 500445 failed: Invalid game action: Priority round exceeded max actions (1000), possible infinite loop
Warning: Game 8260 failed: Invalid game action: Priority round exceeded max actions (1000), possible infinite loop
Warning: Game 16087 failed: Invalid game action: Priority round exceeded max actions (1000), possible infinite loop
Warning: Game 62958 failed: Invalid game action: Priority round exceeded max actions (1000), possible infinite loop
Warning: Game 8262 failed: Invalid game action: Priority round exceeded max actions (1000), possible infinite loop
Warning: Game 500448 failed: Invalid game action: Priority round exceeded max actions (1000), possible infinite loop
Completed 7300 games
Warning: Game 625462 failed: Invalid game action: Priority round exceeded max actions (1000), possible infinite loop
Warning: Game 447 failed: Invalid game action: Priority round exceeded max actions (1000), possible infinite loop
Warning: Game 156698 failed: Invalid game action: Priority round exceeded max actions (1000), possible infinite loop
Warning: Game 62962 failed: Invalid game action: Priority round exceeded max actions (1000), possible infinite loop
Warning: Game 31715 failed: Invalid game action: Priority round exceeded max actions (1000), possible infinite loop
Completed 7400 games
Warning: Game 187964 failed: Invalid game action: Priority round exceeded max actions (1000), possible infinite loop
Warning: Game 16094 failed: Invalid game action: Priority round exceeded max actions (1000), possible infinite loop
Warning: Game 454 failed: Invalid game action: Priority round exceeded max actions (1000), possible infinite loop
Warning: Game 62967 failed: Invalid game action: Priority round exceeded max actions (1000), possible infinite loop
Warning: Game 156706 failed: Invalid game action: Priority round exceeded max actions (1000), possible infinite loop
Warning: Game 23897 failed: Invalid game action: Priority round exceeded max actions (1000), possible infinite loop
Completed 7500 games
Warning: Game 625474 failed: Invalid game action: Priority round exceeded max actions (1000), possible infinite loop
Warning: Game 625475 failed: Invalid game action: Priority round exceeded max actions (1000), possible infinite loop
Warning: Game 625476 failed: Invalid game action: Priority round exceeded max actions (1000), possible infinite loop
Warning: Game 16101 failed: Invalid game action: Priority round exceeded max actions (1000), possible infinite loop
Warning: Game 156712 failed: Invalid game action: Priority round exceeded max actions (1000), possible infinite loop
Warning: Game 23904 failed: Invalid game action: Priority round exceeded max actions (1000), possible infinite loop
Completed 7600 games
Warning: Game 62978 failed: Invalid game action: Priority round exceeded max actions (1000), possible infinite loop
Warning: Game 20012 failed: Invalid game action: Priority round exceeded max actions (1000), possible infinite loop
Warning: Game 474 failed: Invalid game action: Priority round exceeded max actions (1000), possible infinite loop
Completed 7700 games
Warning: Game 500475 failed: Invalid game action: Priority round exceeded max actions (1000), possible infinite loop
Warning: Game 750496 failed: Invalid game action: Priority round exceeded max actions (1000), possible infinite loop
Warning: Game 62987 failed: Invalid game action: Priority round exceeded max actions (1000), possible infinite loop
Warning: Game 78604 failed: Invalid game action: Priority round exceeded max actions (1000), possible infinite loop
Warning: Game 481 failed: Invalid game action: Priority round exceeded max actions (1000), possible infinite loop
Warning: Game 250490 failed: Invalid game action: Priority round exceeded max actions (1000), possible infinite loop
Completed 7800 games
Warning: Game 250492 failed: Invalid game action: Priority round exceeded max actions (1000), possible infinite loop
Warning: Game 500483 failed: Invalid game action: Priority round exceeded max actions (1000), possible infinite loop
Warning: Game 125482 failed: Invalid game action: Priority round exceeded max actions (1000), possible infinite loop
Warning: Game 94244 failed: Invalid game action: Priority round exceeded max actions (1000), possible infinite loop
Warning: Game 484 failed: Invalid game action: Priority round exceeded max actions (1000), possible infinite loop
Warning: Game 625496 failed: Invalid game action: Priority round exceeded max actions (1000), possible infinite loop
Warning: Game 94247 failed: Invalid game action: Priority round exceeded max actions (1000), possible infinite loop
Completed 7900 games
Warning: Game 16124 failed: Invalid game action: Priority round exceeded max actions (1000), possible infinite loop
Warning: Game 625501 failed: Invalid game action: Priority round exceeded max actions (1000), possible infinite loop
Warning: Game 94250 failed: Invalid game action: Priority round exceeded max actions (1000), possible infinite loop
Warning: Game 156737 failed: Invalid game action: Priority round exceeded max actions (1000), possible infinite loop
Warning: Game 8303 failed: Invalid game action: Priority round exceeded max actions (1000), possible infinite loop
Warning: Game 250502 failed: Invalid game action: Priority round exceeded max actions (1000), possible infinite loop
Warning: Game 125492 failed: Invalid game action: Priority round exceeded max actions (1000), possible infinite loop
Completed 8000 games
Warning: Game 492 failed: Invalid game action: Priority round exceeded max actions (1000), possible infinite loop
Warning: Game 94253 failed: Invalid game action: Priority round exceeded max actions (1000), possible infinite loop
Warning: Game 20036 failed: Invalid game action: Priority round exceeded max actions (1000), possible infinite loop
Warning: Game 625508 failed: Invalid game action: Priority round exceeded max actions (1000), possible infinite loop
Warning: Game 20038 failed: Invalid game action: Priority round exceeded max actions (1000), possible infinite loop
Warning: Game 63003 failed: Invalid game action: Priority round exceeded max actions (1000), possible infinite loop
Warning: Game 188005 failed: Invalid game action: Priority round exceeded max actions (1000), possible infinite loop
Warning: Game 500499 failed: Invalid game action: Priority round exceeded max actions (1000), possible infinite loop
Warning: Game 78623 failed: Invalid game action: Priority round exceeded max actions (1000), possible infinite loop
Warning: Game 625511 failed: Invalid game action: Priority round exceeded max actions (1000), possible infinite loop
Completed 8100 games
Warning: Game 625513 failed: Invalid game action: Priority round exceeded max actions (1000), possible infinite loop
Warning: Game 63006 failed: Invalid game action: Priority round exceeded max actions (1000), possible infinite loop
Warning: Game 625514 failed: Invalid game action: Priority round exceeded max actions (1000), possible infinite loop
Warning: Game 125503 failed: Invalid game action: Priority round exceeded max actions (1000), possible infinite loop
Warning: Game 750521 failed: Invalid game action: Priority round exceeded max actions (1000), possible infinite loop
Warning: Game 501 failed: Invalid game action: Priority round exceeded max actions (1000), possible infinite loop
Warning: Game 156749 failed: Invalid game action: Priority round exceeded max actions (1000), possible infinite loop
Warning: Game 188011 failed: Invalid game action: Priority round exceeded max actions (1000), possible infinite loop
Warning: Game 94261 failed: Invalid game action: Priority round exceeded max actions (1000), possible infinite loop
Warning: Game 31765 failed: Invalid game action: Priority round exceeded max actions (1000), possible infinite loop
Completed 8200 games
Warning: Game 250518 failed: Invalid game action: Priority round exceeded max actions (1000), possible infinite loop
Warning: Game 188017 failed: Invalid game action: Priority round exceeded max actions (1000), possible infinite loop
Warning: Game 156757 failed: Invalid game action: Priority round exceeded max actions (1000), possible infinite loop
Warning: Game 750531 failed: Invalid game action: Priority round exceeded max actions (1000), possible infinite loop
Warning: Game 625525 failed: Invalid game action: Priority round exceeded max actions (1000), possible infinite loop
Completed 8300 games
Warning: Game 512 failed: Invalid game action: Priority round exceeded max actions (1000), possible infinite loop
Warning: Game 156760 failed: Invalid game action: Priority round exceeded max actions (1000), possible infinite loop
Warning: Game 125514 failed: Invalid game action: Priority round exceeded max actions (1000), possible infinite loop
Warning: Game 250526 failed: Invalid game action: Priority round exceeded max actions (1000), possible infinite loop
Warning: Game 63019 failed: Invalid game action: Priority round exceeded max actions (1000), possible infinite loop
Warning: Game 500515 failed: Invalid game action: Priority round exceeded max actions (1000), possible infinite loop
Warning: Game 625531 failed: Invalid game action: Priority round exceeded max actions (1000), possible infinite loop
Warning: Game 188024 failed: Invalid game action: Priority round exceeded max actions (1000), possible infinite loop
Warning: Game 500518 failed: Invalid game action: Priority round exceeded max actions (1000), possible infinite loop
Completed 8400 games
Warning: Game 16156 failed: Invalid game action: Priority round exceeded max actions (1000), possible infinite loop
Warning: Game 63026 failed: Invalid game action: Priority round exceeded max actions (1000), possible infinite loop
Warning: Game 63027 failed: Invalid game action: Priority round exceeded max actions (1000), possible infinite loop
Warning: Game 125525 failed: Invalid game action: Priority round exceeded max actions (1000), possible infinite loop
Warning: Game 23963 failed: Invalid game action: Priority round exceeded max actions (1000), possible infinite loop
Completed 8500 games
Warning: Game 625539 failed: Invalid game action: Priority round exceeded max actions (1000), possible infinite loop
Warning: Game 8338 failed: Invalid game action: Priority round exceeded max actions (1000), possible infinite loop
Warning: Game 31788 failed: Invalid game action: Priority round exceeded max actions (1000), possible infinite loop
Warning: Game 156778 failed: Invalid game action: Priority round exceeded max actions (1000), possible infinite loop
Completed 8600 games
Warning: Game 31792 failed: Invalid game action: Priority round exceeded max actions (1000), possible infinite loop
Warning: Game 63036 failed: Invalid game action: Priority round exceeded max actions (1000), possible infinite loop
Warning: Game 188042 failed: Invalid game action: Priority round exceeded max actions (1000), possible infinite loop
Warning: Game 500533 failed: Invalid game action: Priority round exceeded max actions (1000), possible infinite loop
Warning: Game 16171 failed: Invalid game action: Priority round exceeded max actions (1000), possible infinite loop

=== Tournament Complete ===
Total games played: 8654
Elapsed time: 10.02s
Games per second: 864.05

=== Player Position Statistics ===
P1 wins: 3949 (49.1%)
P2 wins: 4098 (50.9%)
Draws: 0 (0.0%)

=== Deck Win Rates ===
  01_rogue_rogerbrand: 930/2366 (39.3%)
  02_thedeck_peterschnidrig: 959/2290 (41.9%)
  03_robots_jesseisbak: 664/2344 (28.3%)
  05_mono_black_rogerbrand: 1541/2422 (63.6%)
  06_jeskai_aggro_joseantonioprieto: 1215/2435 (49.9%)
  06_troll_disk_daniellebrunazzo: 1154/2418 (47.7%)
  monored: 1584/1819 (87.1%)

=== Matchup Results ===
  01_rogue_rogerbrand (mirror):
     total P1 wins:  50.5%  |  total P2 wins:  49.5%  |  182 games
  01_rogue_rogerbrand (A) vs 02_thedeck_peterschnidrig (B):
     total A wins:  45.7%  |  total B wins:  54.3%  |  348 games
        P1=A wins:  40.2%  |     P2=B wins:  59.8%  |  179 games
        P1=B wins:  48.5%  |     P2=A wins:  51.5%  |  169 games
  01_rogue_rogerbrand (A) vs 03_robots_jesseisbak (B):
     total A wins:  69.9%  |  total B wins:  30.1%  |  342 games
        P1=A wins:  66.9%  |     P2=B wins:  33.1%  |  163 games
        P1=B wins:  27.4%  |     P2=A wins:  72.6%  |  179 games
  01_rogue_rogerbrand (A) vs 05_mono_black_rogerbrand (B):
     total A wins:  28.2%  |  total B wins:  71.8%  |  354 games
        P1=A wins:  25.5%  |     P2=B wins:  74.5%  |  157 games
        P1=B wins:  69.5%  |     P2=A wins:  30.5%  |  197 games
  01_rogue_rogerbrand (A) vs 06_jeskai_aggro_joseantonioprieto (B):
     total A wins:  32.2%  |  total B wins:  67.8%  |  379 games
        P1=A wins:  29.0%  |     P2=B wins:  71.0%  |  183 games
        P1=B wins:  64.8%  |     P2=A wins:  35.2%  |  196 games
  01_rogue_rogerbrand (A) vs 06_troll_disk_daniellebrunazzo (B):
     total A wins:  37.3%  |  total B wins:  62.7%  |  316 games
        P1=A wins:  31.6%  |     P2=B wins:  68.4%  |  152 games
        P1=B wins:  57.3%  |     P2=A wins:  42.7%  |  164 games
  01_rogue_rogerbrand (A) vs monored (B):
     total A wins:   3.8%  |  total B wins:  96.2%  |  263 games
        P1=A wins:   4.1%  |     P2=B wins:  95.9%  |  146 games
        P1=B wins:  96.6%  |     P2=A wins:   3.4%  |  117 games
  02_thedeck_peterschnidrig (mirror):
     total P1 wins:  45.2%  |  total P2 wins:  54.8%  |  166 games
  02_thedeck_peterschnidrig (A) vs 03_robots_jesseisbak (B):
     total A wins:  68.2%  |  total B wins:  31.8%  |  352 games
        P1=A wins:  66.1%  |     P2=B wins:  33.9%  |  186 games
        P1=B wins:  29.5%  |     P2=A wins:  70.5%  |  166 games
  02_thedeck_peterschnidrig (A) vs 05_mono_black_rogerbrand (B):
     total A wins:  27.2%  |  total B wins:  72.8%  |  324 games
        P1=A wins:  26.3%  |     P2=B wins:  73.7%  |  171 games
        P1=B wins:  71.9%  |     P2=A wins:  28.1%  |  153 games
  02_thedeck_peterschnidrig (A) vs 06_jeskai_aggro_joseantonioprieto (B):
     total A wins:  43.9%  |  total B wins:  56.1%  |  319 games
        P1=A wins:  46.1%  |     P2=B wins:  53.9%  |  152 games
        P1=B wins:  58.1%  |     P2=A wins:  41.9%  |  167 games
  02_thedeck_peterschnidrig (A) vs 06_troll_disk_daniellebrunazzo (B):
     total A wins:  36.4%  |  total B wins:  63.6%  |  354 games
        P1=A wins:  43.2%  |     P2=B wins:  56.8%  |  169 games
        P1=B wins:  69.7%  |     P2=A wins:  30.3%  |  185 games
  02_thedeck_peterschnidrig (A) vs monored (B):
     total A wins:   2.7%  |  total B wins:  97.3%  |  261 games
        P1=A wins:   3.2%  |     P2=B wins:  96.8%  |  126 games
        P1=B wins:  97.8%  |     P2=A wins:   2.2%  |  135 games
  03_robots_jesseisbak (mirror):
     total P1 wins:  53.1%  |  total P2 wins:  46.9%  |  145 games
  03_robots_jesseisbak (A) vs 05_mono_black_rogerbrand (B):
     total A wins:  16.8%  |  total B wins:  83.2%  |  368 games
        P1=A wins:  16.9%  |     P2=B wins:  83.1%  |  166 games
        P1=B wins:  83.2%  |     P2=A wins:  16.8%  |  202 games
  03_robots_jesseisbak (A) vs 06_jeskai_aggro_joseantonioprieto (B):
     total A wins:  32.7%  |  total B wins:  67.3%  |  355 games
        P1=A wins:  30.3%  |     P2=B wins:  69.7%  |  188 games
        P1=B wins:  64.7%  |     P2=A wins:  35.3%  |  167 games
  03_robots_jesseisbak (A) vs 06_troll_disk_daniellebrunazzo (B):
     total A wins:  33.3%  |  total B wins:  66.7%  |  369 games
        P1=A wins:  36.1%  |     P2=B wins:  63.9%  |  194 games
        P1=B wins:  69.7%  |     P2=A wins:  30.3%  |  175 games
  03_robots_jesseisbak (A) vs monored (B):
     total A wins:   1.1%  |  total B wins:  98.9%  |  268 games
        P1=A wins:   1.5%  |     P2=B wins:  98.5%  |  134 games
        P1=B wins:  99.3%  |     P2=A wins:   0.7%  |  134 games
  05_mono_black_rogerbrand (mirror):
     total P1 wins:  45.6%  |  total P2 wins:  54.4%  |  180 games
  05_mono_black_rogerbrand (A) vs 06_jeskai_aggro_joseantonioprieto (B):
     total A wins:  63.5%  |  total B wins:  36.5%  |  392 games
        P1=A wins:  64.3%  |     P2=B wins:  35.7%  |  199 games
        P1=B wins:  37.3%  |     P2=A wins:  62.7%  |  193 games
  05_mono_black_rogerbrand (A) vs 06_troll_disk_daniellebrunazzo (B):
     total A wins:  70.2%  |  total B wins:  29.8%  |  379 games
        P1=A wins:  68.8%  |     P2=B wins:  31.2%  |  170 games
        P1=B wins:  28.7%  |     P2=A wins:  71.3%  |  209 games
  05_mono_black_rogerbrand (A) vs monored (B):
     total A wins:  20.4%  |  total B wins:  79.6%  |  245 games
        P1=A wins:  19.5%  |     P2=B wins:  80.5%  |  118 games
        P1=B wins:  78.7%  |     P2=A wins:  21.3%  |  127 games
  06_jeskai_aggro_joseantonioprieto (mirror):
     total P1 wins:  48.4%  |  total P2 wins:  51.6%  |  184 games
  06_jeskai_aggro_joseantonioprieto (A) vs 06_troll_disk_daniellebrunazzo (B):
     total A wins:  52.6%  |  total B wins:  47.4%  |  352 games
        P1=A wins:  49.4%  |     P2=B wins:  50.6%  |  168 games
        P1=B wins:  44.6%  |     P2=A wins:  55.4%  |  184 games
  06_jeskai_aggro_joseantonioprieto (A) vs monored (B):
     total A wins:  10.4%  |  total B wins:  89.6%  |  270 games
        P1=A wins:   7.9%  |     P2=B wins:  92.1%  |  127 games
        P1=B wins:  87.4%  |     P2=A wins:  12.6%  |  143 games
  06_troll_disk_daniellebrunazzo (mirror):
     total P1 wins:  47.6%  |  total P2 wins:  52.4%  |  189 games
  06_troll_disk_daniellebrunazzo (A) vs monored (B):
     total A wins:   5.9%  |  total B wins:  94.1%  |  270 games
        P1=A wins:   5.2%  |     P2=B wins:  94.8%  |  134 games
        P1=B wins:  93.4%  |     P2=A wins:   6.6%  |  136 games
  monored (mirror):
     total P1 wins:  49.6%  |  total P2 wins:  50.4%  |  121 games

=== Errors Encountered ===
Total errors: 607

Error 1:
  Game index: 625000
  Error: Invalid game action: Priority round exceeded max actions (1000), possible infinite loop
  Reproduce with:
    cargo run --release --bin mtg -- tui --p1 heuristic --p2 heuristic --seed 4481981136840861106 "decks/monored.dck" "decks/monored.dck"

Error 2:
  Game index: 250003
  Error: Invalid game action: Priority round exceeded max actions (1000), possible infinite loop
  Reproduce with:
    cargo run --release --bin mtg -- tui --p1 heuristic --p2 heuristic --seed 6480146394770657337 "decks/old_school/03_robots_jesseisbak.dck" "decks/monored.dck"

Error 3:
  Game index: 7818
  Error: Invalid game action: Priority round exceeded max actions (1000), possible infinite loop
  Reproduce with:
    cargo run --release --bin mtg -- tui --p1 heuristic --p2 heuristic --seed 14567837377921898876 "decks/old_school/06_jeskai_aggro_joseantonioprieto.dck" "decks/monored.dck"

Error 4:
  Game index: 500007
  Error: Invalid game action: Priority round exceeded max actions (1000), possible infinite loop
  Reproduce with:
    cargo run --release --bin mtg -- tui --p1 heuristic --p2 heuristic --seed 5914263535154961501 "decks/old_school/06_troll_disk_daniellebrunazzo.dck" "decks/monored.dck"

Error 5:
  Game index: 7819
  Error: Invalid game action: Priority round exceeded max actions (1000), possible infinite loop
  Reproduce with:
    cargo run --release --bin mtg -- tui --p1 heuristic --p2 heuristic --seed 7521808123535545745 "decks/old_school/03_robots_jesseisbak.dck" "decks/monored.dck"

Error 6:
  Game index: 31255
  Error: Invalid game action: Priority round exceeded max actions (1000), possible infinite loop
  Reproduce with:
    cargo run --release --bin mtg -- tui --p1 heuristic --p2 heuristic --seed 12033150172869634061 "decks/monored.dck" "decks/old_school/02_thedeck_peterschnidrig.dck"

Error 7:
  Game index: 500009
  Error: Invalid game action: Priority round exceeded max actions (1000), possible infinite loop
  Reproduce with:
    cargo run --release --bin mtg -- tui --p1 heuristic --p2 heuristic --seed 10268949100091806855 "decks/old_school/06_jeskai_aggro_joseantonioprieto.dck" "decks/monored.dck"

Error 8:
  Game index: 625010
  Error: Invalid game action: Priority round exceeded max actions (1000), possible infinite loop
  Reproduce with:
    cargo run --release --bin mtg -- tui --p1 heuristic --p2 heuristic --seed 7808664887815536260 "decks/monored.dck" "decks/old_school/06_troll_disk_daniellebrunazzo.dck"

Error 9:
  Game index: 125011
  Error: Invalid game action: Priority round exceeded max actions (1000), possible infinite loop
  Reproduce with:
    cargo run --release --bin mtg -- tui --p1 heuristic --p2 heuristic --seed 866399538698404601 "decks/old_school/01_rogue_rogerbrand.dck" "decks/monored.dck"

Error 10:
  Game index: 125012
  Error: Invalid game action: Priority round exceeded max actions (1000), possible infinite loop
  Reproduce with:
    cargo run --release --bin mtg -- tui --p1 heuristic --p2 heuristic --seed 12267114358021603086 "decks/monored.dck" "decks/old_school/01_rogue_rogerbrand.dck"

... and 597 more errors (see tournament_errors.txt)

All errors saved to: tournament_errors.txt
