    Finished `release` profile [optimized + debuginfo] target(s) in 0.03s
     Running `target/release/mtg tourney --seconds 10 decks/monored_simple.dck decks/old_school/01_rogue_rogerbrand.dck decks/old_school/02_thedeck_peterschnidrig.dck decks/old_school/03_robots_jesseisbak.dck decks/old_school/05_mono_black_rogerbrand.dck decks/old_school/06_jeskai_aggro_joseantonioprieto.dck decks/old_school/06_troll_disk_daniellebrunazzo.dck`
=== MTG Forge Rust - Tournament Mode ===

Loading decks...
  decks/monored_simple.dck: 60 cards
  decks/old_school/01_rogue_rogerbrand.dck: 60 cards
  decks/old_school/02_thedeck_peterschnidrig.dck: 60 cards
  decks/old_school/03_robots_jesseisbak.dck: 62 cards
  decks/old_school/05_mono_black_rogerbrand.dck: 60 cards
  decks/old_school/06_jeskai_aggro_joseantonioprieto.dck: 60 cards
  decks/old_school/06_troll_disk_daniellebrunazzo.dck: 60 cards

Loading card database...
  Loaded 94 cards in 10.60ms

Running for 10 seconds with 7 decks
Controllers: P1=Heuristic, P2=Heuristic

Completed 100 games
Completed 200 games
Completed 300 games
Completed 400 games
Completed 500 games
Completed 600 games
Completed 700 games
Completed 800 games
Completed 900 games
Completed 1000 games
Completed 1100 games
Completed 1200 games
Completed 1300 games
Completed 1400 games
Completed 1500 games
Completed 1600 games
Completed 1700 games
Completed 1800 games
Completed 1900 games
Completed 2000 games
Completed 2100 games
Completed 2200 games
Completed 2300 games
Completed 2400 games
Completed 2500 games
Completed 2600 games
Completed 2700 games
Completed 2800 games
Completed 2900 games
Completed 3000 games
Completed 3100 games
Completed 3200 games
Completed 3300 games
Completed 3400 games
Completed 3500 games
Completed 3600 games
Completed 3700 games
Completed 3800 games
Completed 3900 games
Completed 4000 games
Completed 4100 games
Completed 4200 games
Completed 4300 games
Completed 4400 games
Completed 4500 games
Completed 4600 games
Completed 4700 games
Completed 4800 games
Completed 4900 games
Completed 5000 games
Completed 5100 games
Completed 5200 games
Completed 5300 games
Completed 5400 games
Completed 5500 games
Completed 5600 games
Completed 5700 games
Completed 5800 games
Completed 5900 games
Completed 6000 games
Completed 6100 games
Completed 6200 games
Completed 6300 games
Completed 6400 games
Completed 6500 games
Completed 6600 games
Completed 6700 games
Completed 6800 games
Completed 6900 games
Completed 7000 games
Completed 7100 games
Completed 7200 games
Completed 7300 games
Completed 7400 games
Completed 7500 games
Completed 7600 games
Completed 7700 games
Completed 7800 games
Completed 7900 games
Completed 8000 games
Completed 8100 games
Completed 8200 games
Completed 8300 games
Completed 8400 games
Completed 8500 games
Completed 8600 games
Completed 8700 games
Completed 8800 games
Completed 8900 games
Completed 9000 games

=== Tournament Complete ===
Total games played: 9039
Elapsed time: 10.02s
Games per second: 902.54

=== Player Position Statistics ===
P1 wins: 4541 (50.2%)
P2 wins: 4498 (49.8%)
Draws: 0 (0.0%)

=== Deck Win Rates ===
  01_rogue_rogerbrand: 1279/2502 (51.1%)
  02_thedeck_peterschnidrig: 1395/2536 (55.0%)
  03_robots_jesseisbak: 1100/2593 (42.4%)
  05_mono_black_rogerbrand: 1909/2633 (72.5%)
  06_jeskai_aggro_joseantonioprieto: 1606/2608 (61.6%)
  06_troll_disk_daniellebrunazzo: 1550/2628 (59.0%)
  monored_simple: 200/2578 (7.8%)

=== Matchup Results ===
  01_rogue_rogerbrand (mirror):
     total P1 wins:  50.8%  |  total P2 wins:  49.2%  |  183 games
  01_rogue_rogerbrand (A) vs 02_thedeck_peterschnidrig (B):
     total A wins:  43.1%  |  total B wins:  56.9%  |  378 games
        P1=A wins:  35.9%  |     P2=B wins:  64.1%  |  198 games
        P1=B wins:  48.9%  |     P2=A wins:  51.1%  |  180 games
  01_rogue_rogerbrand (A) vs 03_robots_jesseisbak (B):
     total A wins:  66.0%  |  total B wins:  34.0%  |  353 games
        P1=A wins:  64.7%  |     P2=B wins:  35.3%  |  170 games
        P1=B wins:  32.8%  |     P2=A wins:  67.2%  |  183 games
  01_rogue_rogerbrand (A) vs 05_mono_black_rogerbrand (B):
     total A wins:  28.7%  |  total B wins:  71.3%  |  359 games
        P1=A wins:  26.8%  |     P2=B wins:  73.2%  |  157 games
        P1=B wins:  69.8%  |     P2=A wins:  30.2%  |  202 games
  01_rogue_rogerbrand (A) vs 06_jeskai_aggro_joseantonioprieto (B):
     total A wins:  35.3%  |  total B wins:  64.7%  |  371 games
        P1=A wins:  34.3%  |     P2=B wins:  65.7%  |  166 games
        P1=B wins:  63.9%  |     P2=A wins:  36.1%  |  205 games
  01_rogue_rogerbrand (A) vs 06_troll_disk_daniellebrunazzo (B):
     total A wins:  37.0%  |  total B wins:  63.0%  |  332 games
        P1=A wins:  32.3%  |     P2=B wins:  67.7%  |  155 games
        P1=B wins:  58.8%  |     P2=A wins:  41.2%  |  177 games
  01_rogue_rogerbrand (A) vs monored_simple (B):
     total A wins: 100.0%  |  total B wins:   0.0%  |  343 games
        P1=A wins: 100.0%  |     P2=B wins:   0.0%  |  179 games
        P1=B wins:   0.0%  |     P2=A wins: 100.0%  |  164 games
  02_thedeck_peterschnidrig (mirror):
     total P1 wins:  46.8%  |  total P2 wins:  53.2%  |  173 games
  02_thedeck_peterschnidrig (A) vs 03_robots_jesseisbak (B):
     total A wins:  66.3%  |  total B wins:  33.7%  |  383 games
        P1=A wins:  65.6%  |     P2=B wins:  34.4%  |  192 games
        P1=B wins:  33.0%  |     P2=A wins:  67.0%  |  191 games
  02_thedeck_peterschnidrig (A) vs 05_mono_black_rogerbrand (B):
     total A wins:  30.1%  |  total B wins:  69.9%  |  356 games
        P1=A wins:  27.9%  |     P2=B wins:  72.1%  |  179 games
        P1=B wins:  67.8%  |     P2=A wins:  32.2%  |  177 games
  02_thedeck_peterschnidrig (A) vs 06_jeskai_aggro_joseantonioprieto (B):
     total A wins:  41.1%  |  total B wins:  58.9%  |  355 games
        P1=A wins:  42.2%  |     P2=B wins:  57.8%  |  166 games
        P1=B wins:  59.8%  |     P2=A wins:  40.2%  |  189 games
  02_thedeck_peterschnidrig (A) vs 06_troll_disk_daniellebrunazzo (B):
     total A wins:  38.6%  |  total B wins:  61.4%  |  355 games
        P1=A wins:  42.3%  |     P2=B wins:  57.7%  |  168 games
        P1=B wins:  64.7%  |     P2=A wins:  35.3%  |  187 games
  02_thedeck_peterschnidrig (A) vs monored_simple (B):
     total A wins: 100.0%  |  total B wins:   0.0%  |  363 games
        P1=A wins: 100.0%  |     P2=B wins:   0.0%  |  177 games
        P1=B wins:   0.0%  |     P2=A wins: 100.0%  |  186 games
  03_robots_jesseisbak (mirror):
     total P1 wins:  50.6%  |  total P2 wins:  49.4%  |  174 games
  03_robots_jesseisbak (A) vs 05_mono_black_rogerbrand (B):
     total A wins:  15.2%  |  total B wins:  84.8%  |  396 games
        P1=A wins:  12.7%  |     P2=B wins:  87.3%  |  173 games
        P1=B wins:  83.0%  |     P2=A wins:  17.0%  |  223 games
  03_robots_jesseisbak (A) vs 06_jeskai_aggro_joseantonioprieto (B):
     total A wins:  31.5%  |  total B wins:  68.5%  |  372 games
        P1=A wins:  32.0%  |     P2=B wins:  68.0%  |  203 games
        P1=B wins:  69.2%  |     P2=A wins:  30.8%  |  169 games
  03_robots_jesseisbak (A) vs 06_troll_disk_daniellebrunazzo (B):
     total A wins:  36.1%  |  total B wins:  63.9%  |  377 games
        P1=A wins:  36.3%  |     P2=B wins:  63.7%  |  193 games
        P1=B wins:  64.1%  |     P2=A wins:  35.9%  |  184 games
  03_robots_jesseisbak (A) vs monored_simple (B):
     total A wins: 100.0%  |  total B wins:   0.0%  |  364 games
        P1=A wins: 100.0%  |     P2=B wins:   0.0%  |  178 games
        P1=B wins:   0.0%  |     P2=A wins: 100.0%  |  186 games
  05_mono_black_rogerbrand (mirror):
     total P1 wins:  47.6%  |  total P2 wins:  52.4%  |  185 games
  05_mono_black_rogerbrand (A) vs 06_jeskai_aggro_joseantonioprieto (B):
     total A wins:  62.5%  |  total B wins:  37.5%  |  400 games
        P1=A wins:  61.2%  |     P2=B wins:  38.8%  |  209 games
        P1=B wins:  36.1%  |     P2=A wins:  63.9%  |  191 games
  05_mono_black_rogerbrand (A) vs 06_troll_disk_daniellebrunazzo (B):
     total A wins:  69.0%  |  total B wins:  31.0%  |  384 games
        P1=A wins:  70.2%  |     P2=B wins:  29.8%  |  178 games
        P1=B wins:  32.0%  |     P2=A wins:  68.0%  |  206 games
  05_mono_black_rogerbrand (A) vs monored_simple (B):
     total A wins: 100.0%  |  total B wins:   0.0%  |  368 games
        P1=A wins: 100.0%  |     P2=B wins:   0.0%  |  177 games
        P1=B wins:   0.0%  |     P2=A wins: 100.0%  |  191 games
  06_jeskai_aggro_joseantonioprieto (mirror):
     total P1 wins:  48.9%  |  total P2 wins:  51.1%  |  190 games
  06_jeskai_aggro_joseantonioprieto (A) vs 06_troll_disk_daniellebrunazzo (B):
     total A wins:  56.5%  |  total B wins:  43.5%  |  386 games
        P1=A wins:  53.3%  |     P2=B wins:  46.7%  |  197 games
        P1=B wins:  40.2%  |     P2=A wins:  59.8%  |  189 games
  06_jeskai_aggro_joseantonioprieto (A) vs monored_simple (B):
     total A wins: 100.0%  |  total B wins:   0.0%  |  344 games
        P1=A wins: 100.0%  |     P2=B wins:   0.0%  |  164 games
        P1=B wins:   0.0%  |     P2=A wins: 100.0%  |  180 games
  06_troll_disk_daniellebrunazzo (mirror):
     total P1 wins:  43.7%  |  total P2 wins:  56.3%  |  199 games
  06_troll_disk_daniellebrunazzo (A) vs monored_simple (B):
     total A wins: 100.0%  |  total B wins:   0.0%  |  396 games
        P1=A wins: 100.0%  |     P2=B wins:   0.0%  |  202 games
        P1=B wins:   0.0%  |     P2=A wins: 100.0%  |  194 games
  monored_simple (mirror):
     total P1 wins: 100.0%  |  total P2 wins:   0.0%  |  200 games
