    Finished `release` profile [optimized + debuginfo] target(s) in 0.03s
     Running `target/release/mtg tourney --seconds 10 decks/monored_available.dck decks/old_school/01_rogue_rogerbrand.dck decks/old_school/02_thedeck_peterschnidrig.dck decks/old_school/03_robots_jesseisbak.dck decks/old_school/05_mono_black_rogerbrand.dck decks/old_school/06_jeskai_aggro_joseantonioprieto.dck decks/old_school/06_troll_disk_daniellebrunazzo.dck`
=== MTG Forge Rust - Tournament Mode ===

Loading decks...
  decks/monored_available.dck: 60 cards
  decks/old_school/01_rogue_rogerbrand.dck: 60 cards
  decks/old_school/02_thedeck_peterschnidrig.dck: 60 cards
  decks/old_school/03_robots_jesseisbak.dck: 62 cards
  decks/old_school/05_mono_black_rogerbrand.dck: 60 cards
  decks/old_school/06_jeskai_aggro_joseantonioprieto.dck: 60 cards
  decks/old_school/06_troll_disk_daniellebrunazzo.dck: 60 cards

Loading card database...
  Loaded 110 cards in 11.13ms

Running for 10 seconds with 7 decks
Controllers: P1=Heuristic, P2=Heuristic

Completed 100 games
Completed 200 games
Completed 300 games
Completed 400 games
Completed 500 games
Completed 600 games
Completed 700 games
Completed 800 games
Completed 900 games
Completed 1000 games
Completed 1100 games
Completed 1200 games
Completed 1300 games
Completed 1400 games
Completed 1500 games
Completed 1600 games
Completed 1700 games
Completed 1800 games
Completed 1900 games
Completed 2000 games
Completed 2100 games
Completed 2200 games
Completed 2300 games
Completed 2400 games
Completed 2500 games
Completed 2600 games
Completed 2700 games
Completed 2800 games
Completed 2900 games
Completed 3000 games
Completed 3100 games
Completed 3200 games
Completed 3300 games
Completed 3400 games
Completed 3500 games
Completed 3600 games
Completed 3700 games
Completed 3800 games
Completed 3900 games
Completed 4000 games
Completed 4100 games
Completed 4200 games
Completed 4300 games
Completed 4400 games
Completed 4500 games
Completed 4600 games
Completed 4700 games
Completed 4800 games
Completed 4900 games
Completed 5000 games
Completed 5100 games
Completed 5200 games
Completed 5300 games
Completed 5400 games
Completed 5500 games
Completed 5600 games
Completed 5700 games
Completed 5800 games
Completed 5900 games
Completed 6000 games
Completed 6100 games
Completed 6200 games
Completed 6300 games
Completed 6400 games
Completed 6500 games
Completed 6600 games
Completed 6700 games
Completed 6800 games
Completed 6900 games
Completed 7000 games
Completed 7100 games
Completed 7200 games
Completed 7300 games
Completed 7400 games
Completed 7500 games
Completed 7600 games
Completed 7700 games
Completed 7800 games
Completed 7900 games
Completed 8000 games
Completed 8100 games
Completed 8200 games
Completed 8300 games
Completed 8400 games
Completed 8500 games
Completed 8600 games
Completed 8700 games
Completed 8800 games
Completed 8900 games
Completed 9000 games
Completed 9100 games

=== Tournament Complete ===
Total games played: 9182
Elapsed time: 10.01s
Games per second: 916.88

=== Player Position Statistics ===
P1 wins: 4560 (49.7%)
P2 wins: 4622 (50.3%)
Draws: 0 (0.0%)

=== Deck Win Rates ===
  01_rogue_rogerbrand: 974/2578 (37.8%)
  02_thedeck_peterschnidrig: 1137/2680 (42.4%)
  03_robots_jesseisbak: 714/2598 (27.5%)
  05_mono_black_rogerbrand: 1688/2675 (63.1%)
  06_jeskai_aggro_joseantonioprieto: 1283/2611 (49.1%)
  06_troll_disk_daniellebrunazzo: 1206/2658 (45.4%)
  monored_available: 2180/2564 (85.0%)

=== Matchup Results ===
  01_rogue_rogerbrand (mirror):
     total P1 wins:  55.4%  |  total P2 wins:  44.6%  |  184 games
  01_rogue_rogerbrand (A) vs 02_thedeck_peterschnidrig (B):
     total A wins:  40.6%  |  total B wins:  59.4%  |  392 games
        P1=A wins:  34.5%  |     P2=B wins:  65.5%  |  206 games
        P1=B wins:  52.7%  |     P2=A wins:  47.3%  |  186 games
  01_rogue_rogerbrand (A) vs 03_robots_jesseisbak (B):
     total A wins:  71.1%  |  total B wins:  28.9%  |  380 games
        P1=A wins:  69.6%  |     P2=B wins:  30.4%  |  191 games
        P1=B wins:  27.5%  |     P2=A wins:  72.5%  |  189 games
  01_rogue_rogerbrand (A) vs 05_mono_black_rogerbrand (B):
     total A wins:  24.5%  |  total B wins:  75.5%  |  375 games
        P1=A wins:  25.8%  |     P2=B wins:  74.2%  |  163 games
        P1=B wins:  76.4%  |     P2=A wins:  23.6%  |  212 games
  01_rogue_rogerbrand (A) vs 06_jeskai_aggro_joseantonioprieto (B):
     total A wins:  37.0%  |  total B wins:  63.0%  |  370 games
        P1=A wins:  34.7%  |     P2=B wins:  65.3%  |  173 games
        P1=B wins:  60.9%  |     P2=A wins:  39.1%  |  197 games
  01_rogue_rogerbrand (A) vs 06_troll_disk_daniellebrunazzo (B):
     total A wins:  35.7%  |  total B wins:  64.3%  |  333 games
        P1=A wins:  31.4%  |     P2=B wins:  68.6%  |  156 games
        P1=B wins:  60.5%  |     P2=A wins:  39.5%  |  177 games
  01_rogue_rogerbrand (A) vs monored_available (B):
     total A wins:   3.6%  |  total B wins:  96.4%  |  360 games
        P1=A wins:   2.7%  |     P2=B wins:  97.3%  |  186 games
        P1=B wins:  95.4%  |     P2=A wins:   4.6%  |  174 games
  02_thedeck_peterschnidrig (mirror):
     total P1 wins:  48.4%  |  total P2 wins:  51.6%  |  192 games
  02_thedeck_peterschnidrig (A) vs 03_robots_jesseisbak (B):
     total A wins:  69.1%  |  total B wins:  30.9%  |  398 games
        P1=A wins:  66.7%  |     P2=B wins:  33.3%  |  195 games
        P1=B wins:  28.6%  |     P2=A wins:  71.4%  |  203 games
  02_thedeck_peterschnidrig (A) vs 05_mono_black_rogerbrand (B):
     total A wins:  30.8%  |  total B wins:  69.2%  |  383 games
        P1=A wins:  30.2%  |     P2=B wins:  69.8%  |  189 games
        P1=B wins:  68.6%  |     P2=A wins:  31.4%  |  194 games
  02_thedeck_peterschnidrig (A) vs 06_jeskai_aggro_joseantonioprieto (B):
     total A wins:  41.0%  |  total B wins:  59.0%  |  361 games
        P1=A wins:  40.1%  |     P2=B wins:  59.9%  |  167 games
        P1=B wins:  58.2%  |     P2=A wins:  41.8%  |  194 games
  02_thedeck_peterschnidrig (A) vs 06_troll_disk_daniellebrunazzo (B):
     total A wins:  39.0%  |  total B wins:  61.0%  |  400 games
        P1=A wins:  40.7%  |     P2=B wins:  59.3%  |  194 games
        P1=B wins:  62.6%  |     P2=A wins:  37.4%  |  206 games
  02_thedeck_peterschnidrig (A) vs monored_available (B):
     total A wins:   4.1%  |  total B wins:  95.9%  |  362 games
        P1=A wins:   4.5%  |     P2=B wins:  95.5%  |  177 games
        P1=B wins:  96.2%  |     P2=A wins:   3.8%  |  185 games
  03_robots_jesseisbak (mirror):
     total P1 wins:  48.5%  |  total P2 wins:  51.5%  |  169 games
  03_robots_jesseisbak (A) vs 05_mono_black_rogerbrand (B):
     total A wins:  13.2%  |  total B wins:  86.8%  |  378 games
        P1=A wins:  11.9%  |     P2=B wins:  88.1%  |  168 games
        P1=B wins:  85.7%  |     P2=A wins:  14.3%  |  210 games
  03_robots_jesseisbak (A) vs 06_jeskai_aggro_joseantonioprieto (B):
     total A wins:  32.0%  |  total B wins:  68.0%  |  356 games
        P1=A wins:  31.0%  |     P2=B wins:  69.0%  |  168 games
        P1=B wins:  67.0%  |     P2=A wins:  33.0%  |  188 games
  03_robots_jesseisbak (A) vs 06_troll_disk_daniellebrunazzo (B):
     total A wins:  35.7%  |  total B wins:  64.3%  |  389 games
        P1=A wins:  36.8%  |     P2=B wins:  63.2%  |  209 games
        P1=B wins:  65.6%  |     P2=A wins:  34.4%  |  180 games
  03_robots_jesseisbak (A) vs monored_available (B):
     total A wins:   2.5%  |  total B wins:  97.5%  |  359 games
        P1=A wins:   3.5%  |     P2=B wins:  96.5%  |  172 games
        P1=B wins:  98.4%  |     P2=A wins:   1.6%  |  187 games
  05_mono_black_rogerbrand (mirror):
     total P1 wins:  46.5%  |  total P2 wins:  53.5%  |  187 games
  05_mono_black_rogerbrand (A) vs 06_jeskai_aggro_joseantonioprieto (B):
     total A wins:  60.5%  |  total B wins:  39.5%  |  408 games
        P1=A wins:  60.3%  |     P2=B wins:  39.7%  |  204 games
        P1=B wins:  39.2%  |     P2=A wins:  60.8%  |  204 games
  05_mono_black_rogerbrand (A) vs 06_troll_disk_daniellebrunazzo (B):
     total A wins:  73.1%  |  total B wins:  26.9%  |  386 games
        P1=A wins:  72.3%  |     P2=B wins:  27.7%  |  177 games
        P1=B wins:  26.3%  |     P2=A wins:  73.7%  |  209 games
  05_mono_black_rogerbrand (A) vs monored_available (B):
     total A wins:  25.9%  |  total B wins:  74.1%  |  371 games
        P1=A wins:  25.1%  |     P2=B wins:  74.9%  |  183 games
        P1=B wins:  73.4%  |     P2=A wins:  26.6%  |  188 games
  06_jeskai_aggro_joseantonioprieto (mirror):
     total P1 wins:  47.9%  |  total P2 wins:  52.1%  |  192 games
  06_jeskai_aggro_joseantonioprieto (A) vs 06_troll_disk_daniellebrunazzo (B):
     total A wins:  56.0%  |  total B wins:  44.0%  |  375 games
        P1=A wins:  58.2%  |     P2=B wins:  41.8%  |  182 games
        P1=B wins:  46.1%  |     P2=A wins:  53.9%  |  193 games
  06_jeskai_aggro_joseantonioprieto (A) vs monored_available (B):
     total A wins:   9.0%  |  total B wins:  91.0%  |  357 games
        P1=A wins:   7.5%  |     P2=B wins:  92.5%  |  174 games
        P1=B wins:  89.6%  |     P2=A wins:  10.4%  |  183 games
  06_troll_disk_daniellebrunazzo (mirror):
     total P1 wins:  47.2%  |  total P2 wins:  52.8%  |  199 games
  06_troll_disk_daniellebrunazzo (A) vs monored_available (B):
     total A wins:   8.0%  |  total B wins:  92.0%  |  377 games
        P1=A wins:   6.5%  |     P2=B wins:  93.5%  |  184 games
        P1=B wins:  90.7%  |     P2=A wins:   9.3%  |  193 games
  monored_available (mirror):
     total P1 wins:  53.4%  |  total P2 wins:  46.6%  |  189 games
