<Choice> Player 1 chose 'p' (pass priority from 1 available actions)
<Choice> Player 1 chose 'p' (pass priority from 1 available actions)
<Choice> Player 1 chose 'p' (pass priority from 1 available actions)
<Choice> Player 1 chose 'p' (pass priority from 1 available actions)
<Choice> Player 1 chose 'p' (pass priority from 1 available actions)
<Choice> Player 1 chose 'p' (pass priority from 1 available actions)
<Choice> Player 1 chose 'p' (pass priority from 1 available actions)
<Choice> Player 1 chose 'p' (pass priority from 1 available actions)

  >>> Turn 3 - Player 1 20 (Player 2 20) <<<<
<Choice> Player 1 chose 'p' (pass priority from 1 available actions)
Player 1 draws Mountain (10)
<Choice> Player 1 chose 'p' (pass priority from 1 available actions)
<Choice> Player 1 chose 'p' (pass priority from 2 available actions)
<Choice> Player 1 chose 'p' (pass priority from 1 available actions)
<Choice> Player 1 chose 'p' (pass priority from 1 available actions)
<Choice> Player 1 chose 'p' (pass priority from 1 available actions)
<Choice> Player 1 chose 'p' (pass priority from 1 available actions)
<Choice> Player 1 chose 'p' (pass priority from 1 available actions)
<Choice> Player 1 chose 1 - play Mountain
Player 1 plays Mountain (10)
<Choice> Player 1 chose 'p' (pass priority from 1 available actions)
<Choice> Player 1 chose 'p' (pass priority from 1 available actions)

  >>> Turn 4 - Player 2 20 (Player 1 20) <<<<
<Choice> Player 1 chose 'p' (pass priority from 1 available actions)
Player 2 draws Forest (17)
<Choice> Player 1 chose 'p' (pass priority from 1 available actions)
<Choice> Player 2 chose 0 - play Forest
Player 2 plays Forest (17)
<Choice> Player 1 chose 'p' (pass priority from 1 available actions)
<Choice> Player 1 chose 'p' (pass priority from 1 available actions)
<Choice> Player 1 chose 'p' (pass priority from 1 available actions)
<Choice> Player 1 chose 'p' (pass priority from 1 available actions)
<Choice> Player 1 chose 'p' (pass priority from 1 available actions)
<Choice> Player 1 chose 'p' (pass priority from 1 available actions)
<Choice> Player 1 chose 'p' (pass priority from 1 available actions)
<Choice> Player 1 chose 'p' (pass priority from 1 available actions)

  >>> Turn 5 - Player 1 20 (Player 2 20) <<<<
<Choice> Player 1 chose 'p' (pass priority from 1 available actions)
Player 1 draws Mountain (9)
<Choice> Player 1 chose 'p' (pass priority from 1 available actions)
<Choice> Player 1 chose 'p' (pass priority from 2 available actions)
<Choice> Player 1 chose 'p' (pass priority from 1 available actions)
<Choice> Player 1 chose 'p' (pass priority from 1 available actions)
<Choice> Player 1 chose 'p' (pass priority from 1 available actions)
<Choice> Player 1 chose 'p' (pass priority from 1 available actions)
<Choice> Player 1 chose 'p' (pass priority from 1 available actions)
<Choice> Player 1 chose 1 - play Mountain
Player 1 plays Mountain (9)
<Choice> Player 1 chose 'p' (pass priority from 1 available actions)
<Choice> Player 1 chose 'p' (pass priority from 1 available actions)

  >>> Turn 6 - Player 2 20 (Player 1 20) <<<<
<Choice> Player 1 chose 'p' (pass priority from 1 available actions)
Player 2 draws Forest (16)
<Choice> Player 1 chose 'p' (pass priority from 1 available actions)
<Choice> Player 2 chose 0 - play Forest
Player 2 plays Forest (16)
<Choice> Player 1 chose 'p' (pass priority from 1 available actions)
<Choice> Player 1 chose 'p' (pass priority from 1 available actions)
<Choice> Player 1 chose 'p' (pass priority from 1 available actions)
<Choice> Player 1 chose 'p' (pass priority from 1 available actions)
<Choice> Player 1 chose 'p' (pass priority from 1 available actions)
<Choice> Player 1 chose 'p' (pass priority from 1 available actions)
<Choice> Player 1 chose 'p' (pass priority from 1 available actions)
<Choice> Player 1 chose 'p' (pass priority from 1 available actions)

  >>> Turn 7 - Player 1 20 (Player 2 20) <<<<
<Choice> Player 1 chose 'p' (pass priority from 1 available actions)
Player 1 draws Mountain (8)
<Choice> Player 1 chose 'p' (pass priority from 1 available actions)
<Choice> Player 1 chose 1 - play Mountain
Player 1 plays Mountain (8)
<Choice> Player 1 chose 'p' (pass priority from 1 available actions)
<Choice> Player 1 chose 'p' (pass priority from 1 available actions)
<Choice> Player 1 chose 'p' (pass priority from 1 available actions)
<Choice> Player 1 chose 'p' (pass priority from 1 available actions)
<Choice> Player 1 chose 'p' (pass priority from 1 available actions)
<Choice> Player 1 chose 'p' (pass priority from 1 available actions)
<Choice> Player 1 chose 'p' (pass priority from 1 available actions)
<Choice> Player 1 chose 'p' (pass priority from 1 available actions)

  >>> Turn 8 - Player 2 20 (Player 1 20) <<<<
<Choice> Player 1 chose 'p' (pass priority from 1 available actions)
Player 2 draws Forest (15)
<Choice> Player 1 chose 'p' (pass priority from 1 available actions)
<Choice> Player 2 chose 0 - play Forest
Player 2 plays Forest (15)
<Choice> Player 1 chose 'p' (pass priority from 1 available actions)
<Choice> Player 1 chose 'p' (pass priority from 1 available actions)
<Choice> Player 1 chose 'p' (pass priority from 1 available actions)
<Choice> Player 1 chose 'p' (pass priority from 1 available actions)
<Choice> Player 1 chose 'p' (pass priority from 1 available actions)
<Choice> Player 1 chose 'p' (pass priority from 1 available actions)
<Choice> Player 1 chose 'p' (pass priority from 1 available actions)
<Choice> Player 1 chose 'p' (pass priority from 1 available actions)

  >>> Turn 9 - Player 1 20 (Player 2 20) <<<<
<Choice> Player 1 chose 'p' (pass priority from 1 available actions)
Player 1 draws Mountain (7)
<Choice> Player 1 chose 'p' (pass priority from 1 available actions)
<Choice> Player 1 chose 1 - play Mountain
Player 1 plays Mountain (7)
<Choice> Player 1 chose 'p' (pass priority from 1 available actions)
<Choice> Player 1 chose 'p' (pass priority from 1 available actions)
<Choice> Player 1 chose 'p' (pass priority from 1 available actions)
<Choice> Player 1 chose 'p' (pass priority from 1 available actions)
<Choice> Player 1 chose 'p' (pass priority from 1 available actions)
<Choice> Player 1 chose 'p' (pass priority from 1 available actions)
<Choice> Player 1 chose 'p' (pass priority from 1 available actions)
<Choice> Player 1 chose 'p' (pass priority from 1 available actions)

  >>> Turn 10 - Player 2 20 (Player 1 20) <<<<
<Choice> Player 1 chose 'p' (pass priority from 1 available actions)
Player 2 draws Forest (14)
<Choice> Player 1 chose 'p' (pass priority from 1 available actions)
<Choice> Player 2 chose 0 - play Forest
Player 2 plays Forest (14)
<Choice> Player 1 chose 'p' (pass priority from 1 available actions)
<Choice> Player 1 chose 'p' (pass priority from 1 available actions)
<Choice> Player 1 chose 'p' (pass priority from 1 available actions)
<Choice> Player 1 chose 'p' (pass priority from 1 available actions)
<Choice> Player 1 chose 'p' (pass priority from 1 available actions)
<Choice> Player 1 chose 'p' (pass priority from 1 available actions)
<Choice> Player 1 chose 'p' (pass priority from 1 available actions)
<Choice> Player 1 chose 'p' (pass priority from 1 available actions)

  >>> Turn 11 - Player 1 20 (Player 2 20) <<<<
<Choice> Player 1 chose 'p' (pass priority from 1 available actions)
Player 1 draws Mountain (6)
<Choice> Player 1 chose 'p' (pass priority from 1 available actions)
<Choice> Player 1 chose 1 - play Mountain
Player 1 plays Mountain (6)
<Choice> Player 1 chose 'p' (pass priority from 1 available actions)
<Choice> Player 1 chose 'p' (pass priority from 1 available actions)
<Choice> Player 1 chose 'p' (pass priority from 1 available actions)
<Choice> Player 1 chose 'p' (pass priority from 1 available actions)
<Choice> Player 1 chose 'p' (pass priority from 1 available actions)
<Choice> Player 1 chose 'p' (pass priority from 1 available actions)
<Choice> Player 1 chose 'p' (pass priority from 1 available actions)
<Choice> Player 1 chose 'p' (pass priority from 1 available actions)

  >>> Turn 12 - Player 2 20 (Player 1 20) <<<<
<Choice> Player 1 chose 'p' (pass priority from 1 available actions)
Player 2 draws Forest (13)
<Choice> Player 1 chose 'p' (pass priority from 1 available actions)
<Choice> Player 2 chose 0 - play Forest
Player 2 plays Forest (13)
<Choice> Player 1 chose 'p' (pass priority from 1 available actions)
<Choice> Player 1 chose 'p' (pass priority from 1 available actions)
<Choice> Player 1 chose 'p' (pass priority from 1 available actions)
<Choice> Player 1 chose 'p' (pass priority from 1 available actions)
<Choice> Player 1 chose 'p' (pass priority from 1 available actions)
<Choice> Player 1 chose 'p' (pass priority from 1 available actions)
<Choice> Player 1 chose 'p' (pass priority from 1 available actions)
<Choice> Player 1 chose 'p' (pass priority from 1 available actions)

  >>> Turn 13 - Player 1 20 (Player 2 20) <<<<
<Choice> Player 1 chose 'p' (pass priority from 1 available actions)
Player 1 draws Mountain (5)
<Choice> Player 1 chose 'p' (pass priority from 1 available actions)
<Choice> Player 1 chose 1 - play Mountain
Player 1 plays Mountain (5)
<Choice> Player 1 chose 'p' (pass priority from 1 available actions)
<Choice> Player 1 chose 'p' (pass priority from 1 available actions)
<Choice> Player 1 chose 'p' (pass priority from 1 available actions)
<Choice> Player 1 chose 'p' (pass priority from 1 available actions)
Player 1 has lost the game (decked). Player 2 wins!
