<Choice> Player 1 chose 0 - cast Eddymurk Crab
Player 1 casts Eddymurk Crab (3) (putting on stack)
Tap Island for {U}
Tap Island for {U}
Eddymurk Crab (3) resolves
Eddymurk Crab (3) enters the battlefield as a 5/5 creature

  >>> Turn 4 - Player 2 20 (Player 1 20) <<<<
Player 2 draws Forest (21)
<Choice> Player 2 chose 0 - play Forest
Player 2 plays Forest (21)

  >>> Turn 5 - Player 1 20 (Player 2 20) <<<<
Player 1 draws Island (15)
<Choice> Player 1 chose 0 - play Island
Player 1 plays Island (15)
<Choice> chose 1 attackers from 1 available creatures (aggression=3, opponent blockers=0)
Player 1 declares Eddymurk Crab (3) (5/5) as attacker
Eddymurk Crab (3) deals 5 damage to Player 2 (life: 15)

  >>> Turn 6 - Player 2 15 (Player 1 20) <<<<
Player 2 draws Forest (20)
<Choice> Player 2 chose 0 - play Forest
Player 2 plays Forest (20)

  >>> Turn 7 - Player 1 20 (Player 2 15) <<<<
Player 1 draws Island (14)
<Choice> Player 1 chose 0 - play Island
Player 1 plays Island (14)
<Choice> chose 1 attackers from 1 available creatures (aggression=3, opponent blockers=0)
Player 1 declares Eddymurk Crab (3) (5/5) as attacker
Eddymurk Crab (3) deals 5 damage to Player 2 (life: 10)

  >>> Turn 8 - Player 2 10 (Player 1 20) <<<<
Player 2 draws Forest (19)
<Choice> Player 2 chose 0 - play Forest
Player 2 plays Forest (19)
Player 2 has lost the game (decked). Player 1 wins!
