  >>> Turn 1 - Player 1 20 (Player 2 20) <<<<
<Choice> Player 1 chose 'p' (pass priority from 1 available actions)
<Choice> chose not to attack with 1 available creatures (aggression=3, opponent blockers=1)
<Choice> Player 1 chose 'p' (pass priority from 1 available actions)

  >>> Turn 2 - Player 2 20 (Player 1 20) <<<<
Player 2 draws Forest (20)
<Choice> Player 2 chose 0 - play Forest
Player 2 plays Forest (20)
<Choice> chose 1 attackers from 1 available creatures (aggression=3, opponent blockers=1)
Player 2 declares The Boulder, Ready to Rumble (17) (4/4) as attacker
<Choice> chose 1 blockers for 1 attackers
Player 1 declares Knowledge Seeker (9) as blocker for The Boulder, Ready to Rumble (17)
The Boulder, Ready to Rumble (17) deals 4 damage to Knowledge Seeker (9)
Knowledge Seeker (9) deals 2 damage to The Boulder, Ready to Rumble (17)
Trigger: Knowledge Seeker - When this creature dies, create a Clue token. (It's an artifact with "{2}, Sacrifice this token: Draw a card.)
Created Clue Token under Player 1's control
Knowledge Seeker (9) goes to graveyard
Knowledge Seeker (9) dies from combat damage
<Choice> Player 1 chose 'p' (pass priority from 1 available actions)
<Choice> Player 1 chose 'p' (pass priority from 1 available actions)
<Choice> Player 1 chose 0 - activate Clue Token
Clue Token activates ability: Draw a card.
Tap Plains for {W}
Tap Plains for {W}
Clue Token (21) goes to graveyard
Player 1 draws Island (12)

  >>> Turn 3 - Player 1 20 (Player 2 20) <<<<
Player 1 draws Island (11)
<Choice> Player 1 chose 1 - play Island
Player 1 plays Island (11)
<Choice> Player 1 chose 'p' (pass priority from 1 available actions)
<Choice> Player 1 chose 'p' (pass priority from 1 available actions)

  >>> Turn 4 - Player 2 20 (Player 1 20) <<<<
Player 2 draws Forest (19)
<Choice> Player 2 chose 0 - play Forest
Player 2 plays Forest (19)
<Choice> chose 1 attackers from 1 available creatures (aggression=3, opponent blockers=0)
Player 2 declares The Boulder, Ready to Rumble (17) (4/4) as attacker
The Boulder, Ready to Rumble (17) deals 4 damage to Player 1 (life: 16)

  >>> Turn 5 - Player 1 16 (Player 2 20) <<<<
Player 1 draws Island (10)
<Choice> Player 1 chose 1 - play Island
Player 1 plays Island (10)
<Choice> Player 1 chose 'p' (pass priority from 1 available actions)
Player 1 has lost the game (decked). Player 2 wins!
