  >>> Turn 1 - Player 1 20 (Player 2 20) <<<<
<Choice> Player 1 chose 'p' (pass priority from 1 available actions)
<Choice> chose not to attack with 1 available creatures (aggression=3, opponent blockers=1)
<Choice> Player 1 chose 'p' (pass priority from 1 available actions)

  >>> Turn 2 - Player 2 20 (Player 1 20) <<<<
Player 2 draws Forest (18)
<Choice> Player 2 chose 0 - play Forest
Player 2 plays Forest (18)
<Choice> chose 1 attackers from 1 available creatures (aggression=3, opponent blockers=1)
Player 2 declares Goblin Piker (15) (2/1) as attacker
<Choice> chose not to block (no favorable blocks among 1 blockers vs 1 attackers)
Goblin Piker (15) deals 2 damage to Player 1 (life: 18)

  >>> Turn 3 - Player 1 18 (Player 2 20) <<<<
Player 1 draws Island (12)
<Choice> Player 1 chose 1 - play Island
Player 1 plays Island (12)
<Choice> Player 1 chose 'p' (pass priority from 1 available actions)
<Choice> chose 1 attackers from 1 available creatures (aggression=3, opponent blockers=0)
Player 1 declares Grizzly Bears (9) (2/2) as attacker
Grizzly Bears (9) deals 2 damage to Player 2 (life: 18)
<Choice> Player 1 chose 'p' (pass priority from 1 available actions)

  >>> Turn 4 - Player 2 18 (Player 1 18) <<<<
Player 2 draws Forest (17)
<Choice> Player 2 chose 0 - play Forest
Player 2 plays Forest (17)
<Choice> chose 1 attackers from 1 available creatures (aggression=3, opponent blockers=0)
Player 2 declares Goblin Piker (15) (2/1) as attacker
Goblin Piker (15) deals 2 damage to Player 1 (life: 16)

  >>> Turn 5 - Player 1 16 (Player 2 18) <<<<
Player 1 draws Island (11)
<Choice> Player 1 chose 1 - play Island
Player 1 plays Island (11)
<Choice> Player 1 chose 'p' (pass priority from 1 available actions)
<Choice> chose 1 attackers from 1 available creatures (aggression=3, opponent blockers=0)
Player 1 declares Grizzly Bears (9) (2/2) as attacker
Grizzly Bears (9) deals 2 damage to Player 2 (life: 16)
<Choice> Player 1 chose 'p' (pass priority from 1 available actions)

  >>> Turn 6 - Player 2 16 (Player 1 16) <<<<
Player 2 draws Forest (16)
<Choice> Player 2 chose 0 - play Forest
Player 2 plays Forest (16)
<Choice> chose 1 attackers from 1 available creatures (aggression=3, opponent blockers=0)
Player 2 declares Goblin Piker (15) (2/1) as attacker
Goblin Piker (15) deals 2 damage to Player 1 (life: 14)
Player 2 has lost the game (decked). Player 1 wins!
