<Choice> Player 1 chose 1 - cast Bonecrusher Giant
Player 1 casts Bonecrusher Giant (3) (putting on stack)
Tap Mountain for {R}
Tap Plains for {W}
Tap Steam Vents for {U}
Bonecrusher Giant (3) resolves
Bonecrusher Giant (3) enters the battlefield as a 4/3 creature
<Choice> Player 1 chose 'p' (pass priority from 2 available actions)
<Choice> Player 1 chose 'p' (pass priority from 2 available actions)

  >>> Turn 4 - Player 2 20 (Player 1 20) <<<<
Player 2 draws Mountain (22)
<Choice> Player 2 chose 0 - play Mountain
Player 2 plays Mountain (22)

  >>> Turn 5 - Player 1 20 (Player 2 20) <<<<
Player 1 draws Island (15)
<Choice> Player 1 chose 4 - play Island
Player 1 plays Island (15)
<Choice> Player 1 chose 2 - cast Teferi, Time Raveler
Player 1 casts Teferi, Time Raveler (5) (putting on stack)
Tap Plains for {W}
Tap Island for {U}
Tap Mountain for {R}
Teferi, Time Raveler (5) resolves
Teferi, Time Raveler (5) enters with 4 loyalty
<Choice> Player 1 chose 'p' (pass priority from 3 available actions)
<Choice> chose 1 attackers from 1 available creatures (aggression=3, opponent blockers=0)
Player 1 declares Bonecrusher Giant (3) (4/3) as attacker
Bonecrusher Giant (3) deals 4 damage to Player 2 (life: 16)
<Choice> Player 1 chose 1 - activate Teferi, Time Raveler
Teferi, Time Raveler activates ability: Until your next turn, you may cast sorcery spells as though they had flash.
Teferi, Time Raveler gains 1 loyalty (now 9)
Player 1 may cast spells as though they had flash until end of turn.
<Choice> Player 1 chose 'p' (pass priority from 2 available actions)

  >>> Turn 6 - Player 2 16 (Player 1 20) <<<<
Player 2 draws Mountain (21)
<Choice> Player 2 chose 0 - play Mountain
Player 2 plays Mountain (21)

  >>> Turn 7 - Player 1 20 (Player 2 16) <<<<
Player 1 draws Mountain (14)
<Choice> Player 1 chose 4 - play Mountain
Player 1 plays Mountain (14)
<Choice> Player 1 chose 3 - cast Cavalier of Flame
Player 1 casts Cavalier of Flame (6) (putting on stack)
Tap Mountain for {R}
Tap Mountain for {R}
Tap Steam Vents for {R}
Tap Plains for {W}
Tap Island for {U}
Cavalier of Flame (6) resolves
Deafening Clarion is discarded
Player 1 discards Deafening Clarion
Player 1 draws Mountain (13)
Cavalier of Flame (6) enters the battlefield as a 6/5 creature
<Choice> Player 1 chose 'p' (pass priority from 1 available actions)
<Choice> chose 1 attackers from 1 available creatures (aggression=3, opponent blockers=0)
Player 1 declares Bonecrusher Giant (3) (4/3) as attacker
Bonecrusher Giant (3) deals 4 damage to Player 2 (life: 12)
<Choice> Player 1 chose 0 - activate Teferi, Time Raveler
Teferi, Time Raveler activates ability: Until your next turn, you may cast sorcery spells as though they had flash.
Teferi, Time Raveler gains 1 loyalty (now 10)
Player 1 may cast spells as though they had flash until end of turn.

  >>> Turn 8 - Player 2 12 (Player 1 20) <<<<
Player 2 draws Mountain (20)
<Choice> Player 2 chose 0 - play Mountain
Player 2 plays Mountain (20)

  >>> Turn 9 - Player 1 20 (Player 2 12) <<<<
<Choice> Player 1 chose 'p' (pass priority from 1 available actions)
Player 1 draws Mountain (12)
<Choice> Player 1 chose 'p' (pass priority from 1 available actions)
<Choice> Player 1 chose 2 - play Mountain
Player 1 plays Mountain (12)
<Choice> Player 1 chose 'p' (pass priority from 2 available actions)
<Choice> Player 1 chose 'p' (pass priority from 1 available actions)
<Choice> chose 2 attackers from 2 available creatures (aggression=3, opponent blockers=0)
Player 1 declares Bonecrusher Giant (3) (4/3) as attacker
Player 1 declares Cavalier of Flame (6) (6/5) as attacker
<Choice> Player 1 chose 'p' (pass priority from 1 available actions)
<Choice> Player 1 chose 'p' (pass priority from 1 available actions)
Bonecrusher Giant (3) deals 4 damage to Player 2 (life: 8)
Cavalier of Flame (6) deals 6 damage to Player 2 (life: 2)
Player 1 has lost the game (decked). Player 2 wins!
