  >>> Turn 1 - Player 1 20 (Player 2 20) <<<<
<Choice> chose not to attack with 1 available creatures (aggression=3, opponent blockers=1)

  >>> Turn 2 - Player 2 20 (Player 1 20) <<<<
Player 2 draws Forest (14)
<Choice> Player 2 chose 0 - play Forest
Player 2 plays Forest (14)
<Choice> chose 1 attackers from 1 available creatures (aggression=3, opponent blockers=1)
Player 2 declares Grizzly Bears (11) (2/2) as attacker
<Choice> chose not to block (no favorable blocks among 1 blockers vs 1 attackers)
Grizzly Bears (11) deals 2 damage to Player 1 (life: 18)

  >>> Turn 3 - Player 1 18 (Player 2 20) <<<<
Player 1 draws Mountain (8)
<Choice> Player 1 chose 0 - play Mountain
Player 1 plays Mountain (8)
<Choice> chose 1 attackers from 1 available creatures (aggression=3, opponent blockers=0)
Player 1 declares Black Knight (5) (2/2) as attacker
--- First Strike Combat Damage ---
Black Knight (5) deals 2 damage to Player 2 (life: 18)
--- Normal Combat Damage ---

  >>> Turn 4 - Player 2 18 (Player 1 18) <<<<
Player 2 draws Forest (13)
<Choice> Player 2 chose 0 - play Forest
Player 2 plays Forest (13)
<Choice> chose 1 attackers from 1 available creatures (aggression=3, opponent blockers=0)
Player 2 declares Grizzly Bears (11) (2/2) as attacker
Grizzly Bears (11) deals 2 damage to Player 1 (life: 16)

  >>> Turn 5 - Player 1 16 (Player 2 18) <<<<
Player 1 draws Mountain (7)
<Choice> Player 1 chose 0 - play Mountain
Player 1 plays Mountain (7)
<Choice> chose 1 attackers from 1 available creatures (aggression=3, opponent blockers=0)
Player 1 declares Black Knight (5) (2/2) as attacker
--- First Strike Combat Damage ---
Black Knight (5) deals 2 damage to Player 2 (life: 16)
--- Normal Combat Damage ---

  >>> Turn 6 - Player 2 16 (Player 1 16) <<<<
Player 2 draws Forest (12)
<Choice> Player 2 chose 0 - play Forest
Player 2 plays Forest (12)
<Choice> chose 1 attackers from 1 available creatures (aggression=3, opponent blockers=0)
Player 2 declares Grizzly Bears (11) (2/2) as attacker
Grizzly Bears (11) deals 2 damage to Player 1 (life: 14)
Player 2 has lost the game (decked). Player 1 wins!
