  >>> Turn 1 - Player 1 20 (Player 2 20) <<<<
<Choice> Player 1 chose 'p' (pass priority from 1 available actions)
<Choice> Player 1 chose 'p' (pass priority from 1 available actions)
<Choice> Player 1 chose 'p' (pass priority from 1 available actions)
<Choice> Player 1 chose 'p' (pass priority from 1 available actions)
<Choice> Player 1 chose 'p' (pass priority from 1 available actions)
<Choice> Player 1 chose 'p' (pass priority from 1 available actions)
<Choice> Player 1 chose 'p' (pass priority from 1 available actions)
<Choice> Player 1 chose 'p' (pass priority from 1 available actions)

  >>> Turn 2 - Player 2 20 (Player 1 20) <<<<
<Choice> Player 1 chose 'p' (pass priority from 1 available actions)
Player 2 draws Forest (13)
<Choice> Player 1 chose 'p' (pass priority from 1 available actions)
<Choice> Player 2 chose 0 - play Forest
Player 2 plays Forest (13)
<Choice> Player 1 chose 'p' (pass priority from 1 available actions)
<Choice> Player 1 chose 'p' (pass priority from 1 available actions)
<Choice> chose 1 attackers from 1 available creatures (aggression=3, opponent blockers=0)
Player 2 declares Grizzly Bears (10) (2/2) as attacker
<Choice> Player 1 chose 'p' (pass priority from 1 available actions)
<Choice> Player 1 chose 'p' (pass priority from 1 available actions)
Grizzly Bears (10) deals 2 damage to Player 1 (life: 18)
<Choice> Player 1 chose 'p' (pass priority from 1 available actions)
<Choice> Player 1 chose 'p' (pass priority from 1 available actions)
<Choice> Player 1 chose 'p' (pass priority from 1 available actions)
<Choice> Player 1 chose 'p' (pass priority from 1 available actions)

  >>> Turn 3 - Player 1 18 (Player 2 20) <<<<
<Choice> Player 1 chose 'p' (pass priority from 1 available actions)
Player 1 draws Mountain (8)
<Choice> Player 1 chose 'p' (pass priority from 1 available actions)
<Choice> Player 1 chose 1 - play Mountain
Player 1 plays Mountain (8)
<Choice> Player 1 chose 'p' (pass priority from 1 available actions)
<Choice> Player 1 chose 'p' (pass priority from 1 available actions)
<Choice> Player 1 chose 'p' (pass priority from 1 available actions)
<Choice> Player 1 chose 'p' (pass priority from 1 available actions)
<Choice> Player 1 chose 'p' (pass priority from 1 available actions)
<Choice> Player 1 chose 'p' (pass priority from 1 available actions)
<Choice> Player 1 chose 'p' (pass priority from 1 available actions)
<Choice> Player 1 chose 'p' (pass priority from 1 available actions)

  >>> Turn 4 - Player 2 20 (Player 1 18) <<<<
<Choice> Player 1 chose 'p' (pass priority from 1 available actions)
Player 2 draws Forest (12)
<Choice> Player 1 chose 'p' (pass priority from 1 available actions)
<Choice> Player 2 chose 0 - play Forest
Player 2 plays Forest (12)
<Choice> Player 1 chose 'p' (pass priority from 1 available actions)
<Choice> Player 1 chose 'p' (pass priority from 1 available actions)
<Choice> chose 1 attackers from 1 available creatures (aggression=3, opponent blockers=0)
Player 2 declares Grizzly Bears (10) (2/2) as attacker
<Choice> Player 1 chose 'p' (pass priority from 1 available actions)
<Choice> Player 1 chose 'p' (pass priority from 1 available actions)
Grizzly Bears (10) deals 2 damage to Player 1 (life: 16)
<Choice> Player 1 chose 'p' (pass priority from 1 available actions)
<Choice> Player 1 chose 'p' (pass priority from 1 available actions)
<Choice> Player 1 chose 'p' (pass priority from 1 available actions)
<Choice> Player 1 chose 'p' (pass priority from 1 available actions)

  >>> Turn 5 - Player 1 16 (Player 2 20) <<<<
<Choice> Player 1 chose 'p' (pass priority from 1 available actions)
Player 1 draws Mountain (7)
<Choice> Player 1 chose 'p' (pass priority from 1 available actions)
<Choice> Player 1 chose 1 - play Mountain
Player 1 plays Mountain (7)
<Choice> Player 1 chose 'p' (pass priority from 1 available actions)
<Choice> Player 1 chose 'p' (pass priority from 1 available actions)
<Choice> Player 1 chose 'p' (pass priority from 1 available actions)
<Choice> Player 1 chose 'p' (pass priority from 1 available actions)
<Choice> Player 1 chose 'p' (pass priority from 1 available actions)
<Choice> Player 1 chose 'p' (pass priority from 1 available actions)
<Choice> Player 1 chose 'p' (pass priority from 1 available actions)
<Choice> Player 1 chose 'p' (pass priority from 1 available actions)

  >>> Turn 6 - Player 2 20 (Player 1 16) <<<<
<Choice> Player 1 chose 'p' (pass priority from 1 available actions)
Player 2 draws Forest (11)
<Choice> Player 1 chose 'p' (pass priority from 1 available actions)
<Choice> Player 2 chose 0 - play Forest
Player 2 plays Forest (11)
<Choice> Player 1 chose 'p' (pass priority from 1 available actions)
<Choice> Player 1 chose 'p' (pass priority from 1 available actions)
<Choice> chose 1 attackers from 1 available creatures (aggression=3, opponent blockers=0)
Player 2 declares Grizzly Bears (10) (2/2) as attacker
<Choice> Player 1 chose 'p' (pass priority from 1 available actions)
<Choice> Player 1 chose 'p' (pass priority from 1 available actions)
Grizzly Bears (10) deals 2 damage to Player 1 (life: 14)
Player 2 has lost the game (decked). Player 1 wins!
