  >>> Turn 1 - Player 1 20 (Player 2 20) <<<<
<Choice> Player 1 chose 1 - play Mountain
Player 1 plays Mountain (4)
<Choice> Player 1 chose 'p' (pass priority from 1 available actions)
<Choice> Player 1 chose 'p' (pass priority from 1 available actions)

  >>> Turn 2 - Player 2 20 (Player 1 20) <<<<
Player 2 draws Forest (13)
<Choice> Player 2 chose 0 - play Forest
Player 2 plays Forest (13)

  >>> Turn 3 - Player 1 20 (Player 2 20) <<<<
Player 1 draws Mountain (8)
<Choice> Player 1 chose 1 - play Mountain
Player 1 plays Mountain (8)
<Choice> Player 1 chose 0 - cast Spider-Suit
Player 1 casts Spider-Suit (3) (putting on stack)
Tap Mountain for {R}
Spider-Suit (3) resolves

  >>> Turn 4 - Player 2 20 (Player 1 20) <<<<
Player 2 draws Forest (12)
<Choice> Player 2 chose 0 - play Forest
Player 2 plays Forest (12)

  >>> Turn 5 - Player 1 20 (Player 2 20) <<<<
Player 1 draws Mountain (7)
<Choice> Player 1 chose 0 - play Mountain
Player 1 plays Mountain (7)

  >>> Turn 6 - Player 2 20 (Player 1 20) <<<<
Player 2 draws Forest (11)
<Choice> Player 2 chose 0 - play Forest
Player 2 plays Forest (11)

  >>> Turn 7 - Player 1 20 (Player 2 20) <<<<
Player 1 draws Mountain (6)
<Choice> Player 1 chose 0 - play Mountain
Player 1 plays Mountain (6)
Player 1 has lost the game (decked). Player 2 wins!
