<Choice> Player 1 chose 'p' (pass priority from 2 available actions)
<Choice> Player 1 chose 'p' (pass priority from 2 available actions)
<Choice> Player 1 chose 'p' (pass priority from 2 available actions)
<Choice> Player 1 chose 'p' (pass priority from 2 available actions)
<Choice> Player 1 chose 'p' (pass priority from 2 available actions)
<Choice> Player 1 chose 'p' (pass priority from 2 available actions)
<Choice> Player 1 chose 'p' (pass priority from 2 available actions)
<Choice> Player 1 chose 'p' (pass priority from 2 available actions)

  >>> Turn 3 - Player 1 20 (Player 2 20) <<<<
<Choice> Player 1 chose 'p' (pass priority from 2 available actions)
Player 1 draws Mountain (15)
<Choice> Player 1 chose 'p' (pass priority from 2 available actions)
<Choice> Player 1 chose 2 - play Mountain
Player 1 plays Mountain (15)
<Choice> Player 1 chose 'p' (pass priority from 2 available actions)
<Choice> Player 1 chose 'p' (pass priority from 2 available actions)
<Choice> Player 1 chose 'p' (pass priority from 2 available actions)
<Choice> Player 1 chose 'p' (pass priority from 2 available actions)
<Choice> Player 1 chose 'p' (pass priority from 2 available actions)
<Choice> Player 1 chose 'p' (pass priority from 2 available actions)
<Choice> Player 1 chose 'p' (pass priority from 2 available actions)
<Choice> Player 1 chose 'p' (pass priority from 2 available actions)

  >>> Turn 4 - Player 2 20 (Player 1 20) <<<<
<Choice> Player 1 chose 'p' (pass priority from 2 available actions)
Player 2 draws Forest (23)
<Choice> Player 1 chose 'p' (pass priority from 2 available actions)
<Choice> Player 2 chose 0 - play Forest
Player 2 plays Forest (23)
<Choice> Player 1 chose 'p' (pass priority from 2 available actions)
<Choice> Player 1 chose 'p' (pass priority from 2 available actions)
<Choice> Player 1 chose 'p' (pass priority from 2 available actions)
<Choice> Player 1 chose 'p' (pass priority from 2 available actions)
<Choice> Player 1 chose 'p' (pass priority from 2 available actions)
<Choice> Player 1 chose 'p' (pass priority from 2 available actions)
<Choice> Player 1 chose 'p' (pass priority from 2 available actions)
<Choice> Player 1 chose 'p' (pass priority from 2 available actions)

  >>> Turn 5 - Player 1 20 (Player 2 20) <<<<
<Choice> Player 1 chose 'p' (pass priority from 2 available actions)
Player 1 draws Mountain (14)
<Choice> Player 1 chose 'p' (pass priority from 2 available actions)
<Choice> Player 1 chose 2 - play Mountain
Player 1 plays Mountain (14)
<Choice> Player 1 chose 'p' (pass priority from 2 available actions)
<Choice> Player 1 chose 'p' (pass priority from 2 available actions)
<Choice> Player 1 chose 'p' (pass priority from 2 available actions)
<Choice> Player 1 chose 'p' (pass priority from 2 available actions)
<Choice> Player 1 chose 'p' (pass priority from 2 available actions)
<Choice> Player 1 chose 'p' (pass priority from 2 available actions)
<Choice> Player 1 chose 'p' (pass priority from 2 available actions)
<Choice> Player 1 chose 'p' (pass priority from 2 available actions)

  >>> Turn 6 - Player 2 20 (Player 1 20) <<<<
<Choice> Player 1 chose 'p' (pass priority from 2 available actions)
Player 2 draws Forest (22)
<Choice> Player 1 chose 'p' (pass priority from 2 available actions)
<Choice> Player 2 chose 0 - play Forest
Player 2 plays Forest (22)
<Choice> Player 1 chose 'p' (pass priority from 2 available actions)
<Choice> Player 1 chose 'p' (pass priority from 2 available actions)
<Choice> Player 1 chose 'p' (pass priority from 2 available actions)
<Choice> Player 1 chose 'p' (pass priority from 2 available actions)
<Choice> Player 1 chose 'p' (pass priority from 2 available actions)
<Choice> Player 1 chose 'p' (pass priority from 2 available actions)
<Choice> Player 1 chose 'p' (pass priority from 2 available actions)
<Choice> Player 1 chose 'p' (pass priority from 2 available actions)

  >>> Turn 7 - Player 1 20 (Player 2 20) <<<<
<Choice> Player 1 chose 'p' (pass priority from 2 available actions)
Player 1 draws Mountain (13)
<Choice> Player 1 chose 'p' (pass priority from 2 available actions)
<Choice> Player 1 chose 2 - play Mountain
Player 1 plays Mountain (13)
<Choice> Player 1 chose 'p' (pass priority from 2 available actions)
<Choice> Player 1 chose 'p' (pass priority from 2 available actions)
<Choice> Player 1 chose 'p' (pass priority from 2 available actions)
<Choice> Player 1 chose 'p' (pass priority from 2 available actions)
<Choice> Player 1 chose 'p' (pass priority from 2 available actions)
<Choice> Player 1 chose 'p' (pass priority from 2 available actions)
<Choice> Player 1 chose 'p' (pass priority from 2 available actions)
<Choice> Player 1 chose 'p' (pass priority from 2 available actions)

  >>> Turn 8 - Player 2 20 (Player 1 20) <<<<
<Choice> Player 1 chose 'p' (pass priority from 2 available actions)
Player 2 draws Forest (21)
<Choice> Player 1 chose 'p' (pass priority from 2 available actions)
<Choice> Player 2 chose 0 - play Forest
Player 2 plays Forest (21)
<Choice> Player 1 chose 'p' (pass priority from 2 available actions)
<Choice> Player 1 chose 'p' (pass priority from 2 available actions)
<Choice> Player 1 chose 'p' (pass priority from 2 available actions)
<Choice> Player 1 chose 'p' (pass priority from 2 available actions)
<Choice> Player 1 chose 'p' (pass priority from 2 available actions)
<Choice> Player 1 chose 'p' (pass priority from 2 available actions)
<Choice> Player 1 chose 'p' (pass priority from 2 available actions)
<Choice> Player 1 chose 'p' (pass priority from 2 available actions)

  >>> Turn 9 - Player 1 20 (Player 2 20) <<<<
<Choice> Player 1 chose 'p' (pass priority from 2 available actions)
Player 1 draws Mountain (12)
<Choice> Player 1 chose 'p' (pass priority from 2 available actions)
<Choice> Player 1 chose 2 - play Mountain
Player 1 plays Mountain (12)
<Choice> Player 1 chose 'p' (pass priority from 2 available actions)
<Choice> Player 1 chose 'p' (pass priority from 2 available actions)
<Choice> Player 1 chose 'p' (pass priority from 2 available actions)
<Choice> Player 1 chose 'p' (pass priority from 2 available actions)
<Choice> Player 1 chose 'p' (pass priority from 2 available actions)
<Choice> Player 1 chose 'p' (pass priority from 2 available actions)
<Choice> Player 1 chose 'p' (pass priority from 2 available actions)
<Choice> Player 1 chose 'p' (pass priority from 2 available actions)

  >>> Turn 10 - Player 2 20 (Player 1 20) <<<<
<Choice> Player 1 chose 'p' (pass priority from 2 available actions)
Player 2 draws Forest (20)
<Choice> Player 1 chose 'p' (pass priority from 2 available actions)
<Choice> Player 2 chose 0 - play Forest
Player 2 plays Forest (20)
<Choice> Player 1 chose 'p' (pass priority from 2 available actions)
<Choice> Player 1 chose 'p' (pass priority from 2 available actions)
<Choice> Player 1 chose 'p' (pass priority from 2 available actions)
<Choice> Player 1 chose 'p' (pass priority from 2 available actions)
<Choice> Player 1 chose 'p' (pass priority from 2 available actions)
<Choice> Player 1 chose 'p' (pass priority from 2 available actions)
<Choice> Player 1 chose 'p' (pass priority from 2 available actions)
<Choice> Player 1 chose 'p' (pass priority from 2 available actions)

  >>> Turn 11 - Player 1 20 (Player 2 20) <<<<
<Choice> Player 1 chose 'p' (pass priority from 2 available actions)
Player 1 draws Mountain (11)
<Choice> Player 1 chose 'p' (pass priority from 2 available actions)
<Choice> Player 1 chose 2 - play Mountain
Player 1 plays Mountain (11)
<Choice> Player 1 chose 'p' (pass priority from 2 available actions)
<Choice> Player 1 chose 'p' (pass priority from 2 available actions)
<Choice> Player 1 chose 'p' (pass priority from 2 available actions)
<Choice> Player 1 chose 'p' (pass priority from 2 available actions)
<Choice> Player 1 chose 'p' (pass priority from 2 available actions)
<Choice> Player 1 chose 'p' (pass priority from 2 available actions)
<Choice> Player 1 chose 'p' (pass priority from 2 available actions)
<Choice> Player 1 chose 'p' (pass priority from 2 available actions)

  >>> Turn 12 - Player 2 20 (Player 1 20) <<<<
<Choice> Player 1 chose 'p' (pass priority from 2 available actions)
Player 2 draws Forest (19)
<Choice> Player 1 chose 'p' (pass priority from 2 available actions)
<Choice> Player 2 chose 0 - play Forest
Player 2 plays Forest (19)
<Choice> Player 1 chose 'p' (pass priority from 2 available actions)
<Choice> Player 1 chose 'p' (pass priority from 2 available actions)
<Choice> Player 1 chose 'p' (pass priority from 2 available actions)
<Choice> Player 1 chose 'p' (pass priority from 2 available actions)
<Choice> Player 1 chose 'p' (pass priority from 2 available actions)
<Choice> Player 1 chose 'p' (pass priority from 2 available actions)
<Choice> Player 1 chose 'p' (pass priority from 2 available actions)
<Choice> Player 1 chose 'p' (pass priority from 2 available actions)

  >>> Turn 13 - Player 1 20 (Player 2 20) <<<<
<Choice> Player 1 chose 'p' (pass priority from 2 available actions)
Player 1 draws Mountain (10)
<Choice> Player 1 chose 'p' (pass priority from 2 available actions)
<Choice> Player 1 chose 2 - play Mountain
Player 1 plays Mountain (10)
<Choice> Player 1 chose 'p' (pass priority from 2 available actions)
<Choice> Player 1 chose 'p' (pass priority from 2 available actions)
<Choice> Player 1 chose 'p' (pass priority from 2 available actions)
<Choice> Player 1 chose 'p' (pass priority from 2 available actions)
Player 1 has lost the game (decked). Player 2 wins!
