  >>> Turn 1 - Player 1 20 (Player 2 20) <<<<
<Choice> Player 1 chose 'p' (pass priority from 3 available actions)
<Choice> Player 1 chose 'p' (pass priority from 1 available actions)
<Choice> Player 1 chose 'p' (pass priority from 1 available actions)
<Choice> Player 1 chose 'p' (pass priority from 1 available actions)
<Choice> Player 1 chose 'p' (pass priority from 1 available actions)
<Choice> Player 1 chose 'p' (pass priority from 1 available actions)
<Choice> Player 1 chose 'p' (pass priority from 3 available actions)
<Choice> Player 1 chose 'p' (pass priority from 1 available actions)

  >>> Turn 2 - Player 2 20 (Player 1 20) <<<<
<Choice> Player 1 chose 'p' (pass priority from 1 available actions)
Player 2 draws Forest (16)
<Choice> Player 1 chose 'p' (pass priority from 1 available actions)
<Choice> Player 2 chose 0 - play Forest
Player 2 plays Forest (16)
<Choice> Player 1 chose 'p' (pass priority from 1 available actions)
<Choice> Player 1 chose 'p' (pass priority from 1 available actions)
<Choice> Player 1 chose 'p' (pass priority from 1 available actions)
<Choice> Player 1 chose 'p' (pass priority from 1 available actions)
<Choice> Player 1 chose 'p' (pass priority from 1 available actions)
<Choice> Player 1 chose 'p' (pass priority from 1 available actions)
<Choice> Player 1 chose 'p' (pass priority from 1 available actions)
<Choice> Player 1 chose 'p' (pass priority from 1 available actions)

  >>> Turn 3 - Player 1 20 (Player 2 20) <<<<
<Choice> Player 1 chose 'p' (pass priority from 1 available actions)
Player 1 draws Mountain (12)
<Choice> Player 1 chose 'p' (pass priority from 1 available actions)
<Choice> Player 1 chose 3 - play Mountain
Player 1 plays Mountain (12)
<Choice> Player 1 chose 'p' (pass priority from 3 available actions)
<Choice> Player 1 chose 'p' (pass priority from 1 available actions)
<Choice> Player 1 chose 'p' (pass priority from 1 available actions)
<Choice> Player 1 chose 'p' (pass priority from 1 available actions)
<Choice> Player 1 chose 'p' (pass priority from 1 available actions)
<Choice> Player 1 chose 'p' (pass priority from 1 available actions)
<Choice> Player 1 chose 'p' (pass priority from 3 available actions)
<Choice> Player 1 chose 'p' (pass priority from 1 available actions)

  >>> Turn 4 - Player 2 20 (Player 1 20) <<<<
<Choice> Player 1 chose 'p' (pass priority from 1 available actions)
Player 2 draws Forest (15)
<Choice> Player 1 chose 'p' (pass priority from 1 available actions)
<Choice> Player 2 chose 0 - play Forest
Player 2 plays Forest (15)
<Choice> Player 1 chose 'p' (pass priority from 1 available actions)
<Choice> Player 1 chose 'p' (pass priority from 1 available actions)
<Choice> Player 1 chose 'p' (pass priority from 1 available actions)
<Choice> Player 1 chose 'p' (pass priority from 1 available actions)
<Choice> Player 1 chose 'p' (pass priority from 1 available actions)
<Choice> Player 1 chose 'p' (pass priority from 1 available actions)
<Choice> Player 1 chose 'p' (pass priority from 1 available actions)
<Choice> Player 1 chose 'p' (pass priority from 1 available actions)

  >>> Turn 5 - Player 1 20 (Player 2 20) <<<<
<Choice> Player 1 chose 'p' (pass priority from 1 available actions)
Player 1 draws Mountain (11)
<Choice> Player 1 chose 'p' (pass priority from 1 available actions)
<Choice> Player 1 chose 3 - play Mountain
Player 1 plays Mountain (11)
<Choice> Player 1 chose 'p' (pass priority from 3 available actions)
<Choice> Player 1 chose 'p' (pass priority from 1 available actions)
<Choice> Player 1 chose 'p' (pass priority from 1 available actions)
<Choice> Player 1 chose 'p' (pass priority from 1 available actions)
Player 1 has lost the game (decked). Player 2 wins!
