  >>> Turn 1 - Player 1 20 (Player 2 20) <<<<
<Choice> chose 1 attackers from 1 available creatures (aggression=3, opponent blockers=0)
Player 1 declares Silvercoat Lion (5) (2/2) as attacker
Silvercoat Lion (5) deals 2 damage to Player 2 (life: 18)

  >>> Turn 2 - Player 2 18 (Player 1 20) <<<<
Player 2 draws Forest (13)
<Choice> Player 2 chose 0 - play Forest
Player 2 plays Forest (13)

  >>> Turn 3 - Player 1 20 (Player 2 18) <<<<
Player 1 draws Mountain (8)
<Choice> Player 1 chose 0 - play Mountain
Player 1 plays Mountain (8)
<Choice> chose 1 attackers from 1 available creatures (aggression=3, opponent blockers=0)
Player 1 declares Silvercoat Lion (5) (2/2) as attacker
Silvercoat Lion (5) deals 2 damage to Player 2 (life: 16)

  >>> Turn 4 - Player 2 16 (Player 1 20) <<<<
Player 2 draws Forest (12)
<Choice> Player 2 chose 0 - play Forest
Player 2 plays Forest (12)

  >>> Turn 5 - Player 1 20 (Player 2 16) <<<<
Player 1 draws Mountain (7)
<Choice> Player 1 chose 0 - play Mountain
Player 1 plays Mountain (7)
<Choice> chose 1 attackers from 1 available creatures (aggression=3, opponent blockers=0)
Player 1 declares Silvercoat Lion (5) (2/2) as attacker
Silvercoat Lion (5) deals 2 damage to Player 2 (life: 14)

  >>> Turn 6 - Player 2 14 (Player 1 20) <<<<
Player 2 draws Forest (11)
<Choice> Player 2 chose 0 - play Forest
Player 2 plays Forest (11)
Player 2 has lost the game (decked). Player 1 wins!
